select `id`, `name`, `slug` from `country` limit 5 []
select `id`, `name`, `slug` from `category` []
select `id`, `name`, `slug` from `country` limit 5 []
select `id`, `name`, `slug` from `category` []
select * from `slider` order by `display_order` asc []
select * from `movie` where `movie`.`id` in (1, 2, 3, 4) []
select `id`, `name`, `is_free`, `en_name`, `is_movie_series`, `img`, `bg_img`, `published_at`, `total_episode`, `slug`, (select count(*) from `episode` where `movie`.`id` = `episode`.`movie_id`) as `episodes_count` from `movie` order by `created_at` desc limit 8 []
select `name`, `movie_id` from `episode` where `episode`.`movie_id` in (42, 43, 44, 45, 46, 47, 48, 49) []
select * from `user` where `id` = ? limit 1 [1]
select * from category  where id in (select b.category_id from favorite as a INNER JOIN movie_category as b on a.movie_id = b.movie_id where a.user_id = ? ) [1]
select `id`, `name`, `is_movie_series`, `slug`, `img` from `movie` where exists (select * from `movie_category` where `movie`.`id` = `movie_category`.`movie_id` and 0 = 1) limit 8 []
select * from `movie` order by `view_count` desc limit 10 []
select * from `movie` where `movie`.`id` = ? limit 1 [43]
select * from `episode` where `episode`.`movie_id` = ? and `episode`.`movie_id` is not null [43]
select * from `movie_comment` where `movie_id` = ? order by `created_at` desc limit 5 [43]
select * from `user` where `id` = ? limit 1 [1]
select * from `favorite` where (`movie_id` = ? and `user_id` = ?) limit 1 [43, 1]
select `rating_point` from `movie_rating` where (`user_id` = ? and `movie_id` = ?) limit 1 [1, 43]
select count(*) as aggregate from `movie_rating` where `movie_id` = ? [43]
select avg(`rating_point`) as aggregate from `movie_rating` where (`movie_id` = ?) [43]
select * from `movie` where `movie`.`id` = ? limit 1 [43]
select * from `movie` where `movie`.`id` = ? limit 1 [43]
update `movie` set `view_count` = `view_count` + 1 where `id` = ? [43]
select * from `user` where `id` = ? limit 1 [1]
insert into `movie_view` (`movie_id`, `user_id`) values (?, ?) [43, 1]
select * from `slider` order by `display_order` asc []
select * from `movie` where `movie`.`id` in (1, 2, 3, 4) []
select `id`, `name`, `is_free`, `en_name`, `is_movie_series`, `img`, `bg_img`, `published_at`, `total_episode`, `slug`, (select count(*) from `episode` where `movie`.`id` = `episode`.`movie_id`) as `episodes_count` from `movie` order by `created_at` desc limit 8 []
select `name`, `movie_id` from `episode` where `episode`.`movie_id` in (42, 43, 44, 45, 46, 47, 48, 49) []
select * from `user` where `id` = ? limit 1 [1]
select * from category  where id in (select b.category_id from favorite as a INNER JOIN movie_category as b on a.movie_id = b.movie_id where a.user_id = ? ) [1]
select `id`, `name`, `is_movie_series`, `slug`, `img` from `movie` where exists (select * from `movie_category` where `movie`.`id` = `movie_category`.`movie_id` and 0 = 1) limit 8 []
select * from `movie` order by `view_count` desc limit 10 []
select * from `movie` where `movie`.`id` = ? limit 1 [46]
select * from `user` where `id` = ? limit 1 [1]
select * from `episode` where `episode`.`movie_id` = ? and `episode`.`movie_id` is not null [46]
select * from `movie_comment` where `movie_id` = ? order by `created_at` desc limit 5 [46]
select * from `user` where `user`.`id` in (1) []
select * from `favorite` where (`movie_id` = ? and `user_id` = ?) limit 1 [46, 1]
select `rating_point` from `movie_rating` where (`user_id` = ? and `movie_id` = ?) limit 1 [1, 46]
select count(*) as aggregate from `movie_rating` where `movie_id` = ? [46]
select avg(`rating_point`) as aggregate from `movie_rating` where (`movie_id` = ?) [46]
select * from `movie` where `movie`.`id` = ? limit 1 [46]
select * from `user` where `id` = ? limit 1 [1]
select * from `episode` where `episode`.`movie_id` = ? and `episode`.`movie_id` is not null [46]
select * from `movie_comment` where `movie_id` = ? order by `created_at` desc limit 5 [46]
select * from `user` where `user`.`id` in (1) []
select * from `favorite` where (`movie_id` = ? and `user_id` = ?) limit 1 [46, 1]
select `rating_point` from `movie_rating` where (`user_id` = ? and `movie_id` = ?) limit 1 [1, 46]
select count(*) as aggregate from `movie_rating` where `movie_id` = ? [46]
select avg(`rating_point`) as aggregate from `movie_rating` where (`movie_id` = ?) [46]
select * from `slider` order by `display_order` asc []
select * from `movie` where `movie`.`id` in (1, 2, 3, 4) []
select * from `user` where `id` = ? limit 1 [1]
select * from category  where id in (select b.category_id from favorite as a INNER JOIN movie_category as b on a.movie_id = b.movie_id where a.user_id = ? ) [1]
select `id`, `name`, `is_movie_series`, `slug`, `img` from `movie` where exists (select * from `movie_category` where `movie`.`id` = `movie_category`.`movie_id` and 0 = 1) limit 8 []
select count(*) as aggregate from `movie` where `is_movie_series` = ? [1]
select `name`, `id`, `en_name`, `img`, `is_movie_series`, `is_free`, `slug`, `total_episode`, (select count(*) from `episode` where `movie`.`id` = `episode`.`movie_id`) as `episodes_count` from `movie` where `is_movie_series` = ? order by `created_at` desc limit 20 offset 0 [1]
select * from `user` where `id` = ? limit 1 [1]
select * from `movie` where `movie`.`id` = ? limit 1 [32]
select * from `user` where `id` = ? limit 1 [1]
select * from `episode` where `episode`.`movie_id` = ? and `episode`.`movie_id` is not null [32]
select * from `movie_comment` where `movie_id` = ? order by `created_at` desc limit 5 [32]
select * from `favorite` where (`movie_id` = ? and `user_id` = ?) limit 1 [32, 1]
select `rating_point` from `movie_rating` where (`user_id` = ? and `movie_id` = ?) limit 1 [1, 32]
select count(*) as aggregate from `movie_rating` where `movie_id` = ? [32]
select avg(`rating_point`) as aggregate from `movie_rating` where (`movie_id` = ?) [32]
select * from `user` where `id` = ? limit 1 [1]
select * from `favorite` where (`user_id` = ? and `movie_id` = ?) limit 1 [1, 32]
select * from `favorite` where `id` in (?) [33]
delete from `favorite` where `id` = ? [33]
select * from `user` where `id` = ? limit 1 [1]
select * from `favorite` where (`user_id` = ? and `movie_id` = ?) limit 1 [1, 32]
insert into `favorite` (`user_id`, `movie_id`) values (?, ?) [1, 32]
select * from `user` where `id` = ? limit 1 [1]
select `id` from `movie_rating` where (`movie_id` = ? and `user_id` = ?) [32, 1]
insert into `movie_rating` (`movie_id`, `user_id`, `rating_point`) values (?, ?, ?) [32, 1, 10]
select * from `movie` where `movie`.`id` = ? limit 1 [32]
select * from `user` where `id` = ? limit 1 [1]
select * from `episode` where `episode`.`movie_id` = ? and `episode`.`movie_id` is not null [32]
select * from `movie_comment` where `movie_id` = ? order by `created_at` desc limit 5 [32]
select * from `favorite` where (`movie_id` = ? and `user_id` = ?) limit 1 [32, 1]
select `rating_point` from `movie_rating` where (`user_id` = ? and `movie_id` = ?) limit 1 [1, 32]
select count(*) as aggregate from `movie_rating` where `movie_id` = ? [32]
select avg(`rating_point`) as aggregate from `movie_rating` where (`movie_id` = ?) [32]
select * from `user` where `id` = ? limit 1 [1]
select count(*) as aggregate from `favorite` where `user_id` = ? [1]
select `favorite`.*, (select count(*) from `episode` inner join `movie` on `movie`.`id` = `episode`.`movie_id` where `favorite`.`movie_id` = `movie`.`id`) as `episodes_count` from `favorite` where `user_id` = ? limit 8 offset 0 [1]
select * from `movie` where `movie`.`id` in (1, 8, 21, 24, 25, 33, 39, 40) []
select * from `slider` order by `display_order` asc []
select * from `movie` where `movie`.`id` in (1, 2, 3, 4) []
select * from `user` where `id` = ? limit 1 [1]
select * from category  where id in (select b.category_id from favorite as a INNER JOIN movie_category as b on a.movie_id = b.movie_id where a.user_id = ? ) [1]
select `id`, `name`, `is_movie_series`, `slug`, `img` from `movie` where exists (select * from `movie_category` where `movie`.`id` = `movie_category`.`movie_id` and 0 = 1) limit 8 []
select * from `slider` order by `display_order` asc []
select * from `movie` where `movie`.`id` in (1, 2, 3, 4) []
select * from `user` where `id` = ? limit 1 [1]
select * from category  where id in (select b.category_id from favorite as a INNER JOIN movie_category as b on a.movie_id = b.movie_id where a.user_id = ? ) [1]
select `id`, `name`, `is_movie_series`, `slug`, `img` from `movie` where exists (select * from `movie_category` where `movie`.`id` = `movie_category`.`movie_id` and 0 = 1) limit 8 []
select count(*) as aggregate from `movie` where `is_movie_series` = ? [1]
select `name`, `id`, `en_name`, `img`, `is_movie_series`, `is_free`, `slug`, `total_episode`, (select count(*) from `episode` where `movie`.`id` = `episode`.`movie_id`) as `episodes_count` from `movie` where `is_movie_series` = ? order by `created_at` desc limit 20 offset 0 [1]
select * from `user` where `id` = ? limit 1 [1]
select count(*) as aggregate from `movie` where `is_on_cinema` = ? [1]
select * from `movie` where `is_on_cinema` = ? limit 4 offset 0 [1]
select * from `user` where `id` = ? limit 1 [1]
select count(*) as aggregate from `movie` where `is_on_cinema` = ? [1]
select * from `movie` where `is_on_cinema` = ? limit 4 offset 4 [1]
select * from `user` where `id` = ? limit 1 [1]
select count(*) as aggregate from `movie` where `is_on_cinema` = ? [1]
select * from `movie` where `is_on_cinema` = ? limit 4 offset 8 [1]
select * from `user` where `id` = ? limit 1 [1]
select * from `movie` where `movie`.`id` = ? limit 1 [2]
select * from `user` where `id` = ? limit 1 [1]
select * from `episode` where `episode`.`movie_id` = ? and `episode`.`movie_id` is not null [2]
select * from `movie_comment` where `movie_id` = ? order by `created_at` desc limit 5 [2]
select * from `user` where `user`.`id` in (1) []
select * from `favorite` where (`movie_id` = ? and `user_id` = ?) limit 1 [2, 1]
select `rating_point` from `movie_rating` where (`user_id` = ? and `movie_id` = ?) limit 1 [1, 2]
select count(*) as aggregate from `movie_rating` where `movie_id` = ? [2]
select avg(`rating_point`) as aggregate from `movie_rating` where (`movie_id` = ?) [2]
select * from `user` where `id` = ? limit 1 [1]
select * from `favorite` where (`user_id` = ? and `movie_id` = ?) limit 1 [1, 2]
insert into `favorite` (`user_id`, `movie_id`) values (?, ?) [1, 2]
select * from `movie` where `movie`.`id` = ? limit 1 [2]
select * from `movie` where `movie`.`id` = ? limit 1 [2]
update `movie` set `view_count` = `view_count` + 1 where `id` = ? [2]
select * from `user` where `id` = ? limit 1 [1]
insert into `movie_view` (`movie_id`, `user_id`) values (?, ?) [2, 1]
select `id`, `name`, `slug` from `country` limit 5 []
select `id`, `name`, `slug` from `category` []
select * from `slider` order by `display_order` asc []
select * from `movie` where `movie`.`id` in (1, 2, 3, 4) []
select `id`, `name`, `is_free`, `en_name`, `is_movie_series`, `img`, `bg_img`, `published_at`, `total_episode`, `slug`, (select count(*) from `episode` where `movie`.`id` = `episode`.`movie_id`) as `episodes_count` from `movie` order by `created_at` desc limit 8 []
select `name`, `movie_id` from `episode` where `episode`.`movie_id` in (42, 43, 44, 45, 46, 47, 48, 49) []
select * from category  where id in (select b.category_id from favorite as a INNER JOIN movie_category as b on a.movie_id = b.movie_id where a.user_id = ? ) []
select `id`, `name`, `is_movie_series`, `slug`, `img` from `movie` where exists (select * from `movie_category` where `movie`.`id` = `movie_category`.`movie_id` and 0 = 1) limit 8 []
select * from `movie` order by `view_count` desc limit 10 []
select * from `user` where `email` = ? limit 1 [mynameisdat6@gmail.com]
select * from `user` where `id` = ? limit 1 [1]
select `id`, `name` from `country` []
select `id`, `name` from `category` []
select * from `director` []
select * from `user` where `id` = ? limit 1 [1]
select sum(`total_amount`) as aggregate from `Transaction` where `status` = ? [success]
select count(*) as aggregate from `movie` []
select count(*) as aggregate from `user` []
select count(*) as aggregate from `category` []
select * from `user` where `id` = ? limit 1 [1]
select count(*) as aggregate from `movie` []
select * from `movie` order by `created_at` desc limit 15 offset 0 []
select * from `user` where `id` = ? limit 1 [1]
select `id`, `name` from `country` []
select * from `movie` where `movie`.`id` = ? limit 1 [35]
select `id`, `name` from `category` []
select * from `director` []
select * from `user` where `id` = ? limit 1 [1]
select * from `category` []
select * from `user` where `id` = ? limit 1 [1]
select * from `category` []
select * from `user` where `id` = ? limit 1 [1]
select * from `category` []
select * from `user` where `id` = ? limit 1 [1]
select * from `category` []
select * from `user` where `id` = ? limit 1 [1]
select sum(`total_amount`) as aggregate from `Transaction` where `status` = ? [success]
select count(*) as aggregate from `movie` []
select count(*) as aggregate from `user` []
select count(*) as aggregate from `category` []
select `id`, `name`, `slug` from `country` limit 5 []
select `id`, `name`, `slug` from `country` limit 5 []
select `id`, `name`, `slug` from `category` []
select `id`, `name`, `slug` from `category` []
select * from `slider` order by `display_order` asc []
select * from `slider` order by `display_order` asc []
select * from `movie` where `movie`.`id` in (1, 2, 3, 4) []
select `id`, `name`, `is_free`, `en_name`, `is_movie_series`, `img`, `bg_img`, `published_at`, `total_episode`, `slug`, (select count(*) from `episode` where `movie`.`id` = `episode`.`movie_id`) as `episodes_count` from `movie` order by `created_at` desc limit 8 []
select `id`, `name`, `is_free`, `en_name`, `is_movie_series`, `img`, `bg_img`, `published_at`, `total_episode`, `slug`, (select count(*) from `episode` where `movie`.`id` = `episode`.`movie_id`) as `episodes_count` from `movie` order by `created_at` desc limit 8 []
select `name`, `movie_id` from `episode` where `episode`.`movie_id` in (42, 43, 44, 45, 46, 47, 48, 49) []
select `name`, `movie_id` from `episode` where `episode`.`movie_id` in (42, 43, 44, 45, 46, 47, 48, 49) []
select * from category  where id in (select b.category_id from favorite as a INNER JOIN movie_category as b on a.movie_id = b.movie_id where a.user_id = ? ) []
select * from category  where id in (select b.category_id from favorite as a INNER JOIN movie_category as b on a.movie_id = b.movie_id where a.user_id = ? ) []
select `id`, `name`, `is_movie_series`, `slug`, `img` from `movie` where exists (select * from `movie_category` where `movie`.`id` = `movie_category`.`movie_id` and 0 = 1) limit 8 []
select `id`, `name`, `is_movie_series`, `slug`, `img` from `movie` where exists (select * from `movie_category` where `movie`.`id` = `movie_category`.`movie_id` and 0 = 1) limit 8 []
select * from `movie` order by `view_count` desc limit 10 []
select * from `movie` order by `view_count` desc limit 10 []
select * from `slider` order by `display_order` asc []
select * from `movie` where `movie`.`id` in (1, 2, 3, 4) []
select * from category  where id in (select b.category_id from favorite as a INNER JOIN movie_category as b on a.movie_id = b.movie_id where a.user_id = ? ) []
select `id`, `name`, `is_movie_series`, `slug`, `img` from `movie` where exists (select * from `movie_category` where `movie`.`id` = `movie_category`.`movie_id` and 0 = 1) limit 8 []
select * from `movie` where `movie`.`id` = ? limit 1 [47]
select * from `slider` order by `display_order` asc []
select * from `movie` where `movie`.`id` in (1, 2, 3, 4) []
select * from category  where id in (select b.category_id from favorite as a INNER JOIN movie_category as b on a.movie_id = b.movie_id where a.user_id = ? ) []
select `id`, `name`, `is_movie_series`, `slug`, `img` from `movie` where exists (select * from `movie_category` where `movie`.`id` = `movie_category`.`movie_id` and 0 = 1) limit 8 []
select * from `movie` where `movie`.`id` = ? limit 1 [44]
select * from `episode` where `episode`.`movie_id` = ? and `episode`.`movie_id` is not null [44]
select * from `movie_comment` where `movie_id` = ? order by `created_at` desc limit 5 [44]
select * from `favorite` where (`movie_id` = ? and `user_id` is null) limit 1 [44]
select `rating_point` from `movie_rating` where (`user_id` is null and `movie_id` = ?) limit 1 [44]
select count(*) as aggregate from `movie_rating` where `movie_id` = ? [44]
select avg(`rating_point`) as aggregate from `movie_rating` where (`movie_id` = ?) [44]
select * from `favorite` where (`user_id` is null and `movie_id` = ?) limit 1 [44]
select * from `movie` where `movie`.`id` = ? limit 1 [44]
select * from `movie` where `movie`.`id` = ? limit 1 [44]
update `movie` set `view_count` = `view_count` + 1 where `id` = ? [44]
insert into `movie_view` (`movie_id`, `user_id`) values (?, ?) [44, ]
select * from `slider` order by `display_order` asc []
select * from `movie` where `movie`.`id` in (1, 2, 3, 4) []
select `id`, `name`, `is_free`, `en_name`, `is_movie_series`, `img`, `bg_img`, `published_at`, `total_episode`, `slug`, (select count(*) from `episode` where `movie`.`id` = `episode`.`movie_id`) as `episodes_count` from `movie` order by `created_at` desc limit 8 []
select `name`, `movie_id` from `episode` where `episode`.`movie_id` in (42, 43, 44, 45, 46, 47, 48, 49) []
select * from category  where id in (select b.category_id from favorite as a INNER JOIN movie_category as b on a.movie_id = b.movie_id where a.user_id = ? ) []
select `id`, `name`, `is_movie_series`, `slug`, `img` from `movie` where exists (select * from `movie_category` where `movie`.`id` = `movie_category`.`movie_id` and 0 = 1) limit 8 []
select * from `movie` order by `view_count` desc limit 10 []
select count(*) as aggregate from `country` []
select * from `country` limit 30 offset 0 []
select count(*) as aggregate from `country` []
select * from `country` limit 30 offset 180 []
select count(*) as aggregate from `movie` where `country_id` = ? [182]
select * from `movie` order by `view_count` desc limit 3 []
select * from `slider` order by `display_order` asc []
select * from `movie` where `movie`.`id` in (1, 2, 3, 4) []
select * from category  where id in (select b.category_id from favorite as a INNER JOIN movie_category as b on a.movie_id = b.movie_id where a.user_id = ? ) []
select `id`, `name`, `is_movie_series`, `slug`, `img` from `movie` where exists (select * from `movie_category` where `movie`.`id` = `movie_category`.`movie_id` and 0 = 1) limit 8 []
select * from `movie` where `movie`.`id` = ? limit 1 [46]
select * from `slider` order by `display_order` asc []
select * from `movie` where `movie`.`id` in (1, 2, 3, 4) []
select * from category  where id in (select b.category_id from favorite as a INNER JOIN movie_category as b on a.movie_id = b.movie_id where a.user_id = ? ) []
select `id`, `name`, `is_movie_series`, `slug`, `img` from `movie` where exists (select * from `movie_category` where `movie`.`id` = `movie_category`.`movie_id` and 0 = 1) limit 8 []
select * from `user` where `email` = ? limit 1 [mynameisdat6@gmail.com]
select * from `user` where `id` = ? limit 1 [1]
select `id`, `name` from `country` []
select `id`, `name` from `category` []
select * from `director` []
select * from `user` where `id` = ? limit 1 [1]
select sum(`total_amount`) as aggregate from `Transaction` where `status` = ? [success]
select count(*) as aggregate from `movie` []
select count(*) as aggregate from `user` []
select count(*) as aggregate from `category` []
select * from `user` where `id` = ? limit 1 [1]
select sum(`total_amount`) as aggregate from `Transaction` where `status` = ? [success]
select count(*) as aggregate from `movie` []
select count(*) as aggregate from `user` []
select count(*) as aggregate from `category` []
select * from `slider` order by `display_order` asc []
select * from `movie` where `movie`.`id` in (1, 2, 3, 4) []
select `id`, `name`, `is_free`, `en_name`, `is_movie_series`, `img`, `bg_img`, `published_at`, `total_episode`, `slug`, (select count(*) from `episode` where `movie`.`id` = `episode`.`movie_id`) as `episodes_count` from `movie` order by `created_at` desc limit 8 []
select `name`, `movie_id` from `episode` where `episode`.`movie_id` in (42, 43, 44, 45, 46, 47, 48, 49) []
select * from `user` where `id` = ? limit 1 [1]
select * from category  where id in (select b.category_id from favorite as a INNER JOIN movie_category as b on a.movie_id = b.movie_id where a.user_id = ? ) [1]
select `id`, `name`, `is_movie_series`, `slug`, `img` from `movie` where exists (select * from `movie_category` where `movie`.`id` = `movie_category`.`movie_id` and 0 = 1) limit 8 []
select * from `movie` order by `view_count` desc limit 10 []
select * from `user` where `id` = ? limit 1 [1]
select * from `slider` order by `display_order` asc []
select * from `movie` where `movie`.`id` in (1, 2, 3, 4) []
select * from category  where id in (select b.category_id from favorite as a INNER JOIN movie_category as b on a.movie_id = b.movie_id where a.user_id = ? ) []
select `id`, `name`, `is_movie_series`, `slug`, `img` from `movie` where exists (select * from `movie_category` where `movie`.`id` = `movie_category`.`movie_id` and 0 = 1) limit 8 []
select * from `slider` order by `display_order` asc []
select * from `movie` where `movie`.`id` in (1, 2, 3, 4) []
select * from category  where id in (select b.category_id from favorite as a INNER JOIN movie_category as b on a.movie_id = b.movie_id where a.user_id = ? ) []
select `id`, `name`, `is_movie_series`, `slug`, `img` from `movie` where exists (select * from `movie_category` where `movie`.`id` = `movie_category`.`movie_id` and 0 = 1) limit 8 []
select * from `user` where `email` = ? limit 1 [superdat98@gmail.com]
select * from `slider` order by `display_order` asc []
select * from `movie` where `movie`.`id` in (1, 2, 3, 4) []
select * from `user` where `id` = ? limit 1 [7]
select * from category  where id in (select b.category_id from favorite as a INNER JOIN movie_category as b on a.movie_id = b.movie_id where a.user_id = ? ) [7]
select `id`, `name`, `is_movie_series`, `slug`, `img` from `movie` where exists (select * from `movie_category` where `movie`.`id` = `movie_category`.`movie_id` and 0 = 1) limit 8 []
select * from `movie` where `movie`.`id` = ? limit 1 [47]
select * from `user` where `id` = ? limit 1 [7]
select * from `episode` where `episode`.`movie_id` = ? and `episode`.`movie_id` is not null [47]
select * from `movie_comment` where `movie_id` = ? order by `created_at` desc limit 5 [47]
select * from `favorite` where (`movie_id` = ? and `user_id` = ?) limit 1 [47, 7]
select `rating_point` from `movie_rating` where (`user_id` = ? and `movie_id` = ?) limit 1 [7, 47]
select count(*) as aggregate from `movie_rating` where `movie_id` = ? [47]
select avg(`rating_point`) as aggregate from `movie_rating` where (`movie_id` = ?) [47]
select * from `movie` where `movie`.`id` = ? limit 1 [47]
select * from `movie` where `movie`.`id` = ? limit 1 [47]
update `movie` set `view_count` = `view_count` + 1 where `id` = ? [47]
select * from `user` where `id` = ? limit 1 [7]
insert into `movie_view` (`movie_id`, `user_id`) values (?, ?) [47, 7]
select * from `slider` order by `display_order` asc []
select * from `movie` where `movie`.`id` in (1, 2, 3, 4) []
select `id`, `name`, `is_free`, `en_name`, `is_movie_series`, `img`, `bg_img`, `published_at`, `total_episode`, `slug`, (select count(*) from `episode` where `movie`.`id` = `episode`.`movie_id`) as `episodes_count` from `movie` order by `created_at` desc limit 8 []
select `name`, `movie_id` from `episode` where `episode`.`movie_id` in (42, 43, 44, 45, 46, 47, 48, 49) []
select * from `user` where `id` = ? limit 1 [7]
select * from category  where id in (select b.category_id from favorite as a INNER JOIN movie_category as b on a.movie_id = b.movie_id where a.user_id = ? ) [7]
select `id`, `name`, `is_movie_series`, `slug`, `img` from `movie` where exists (select * from `movie_category` where `movie`.`id` = `movie_category`.`movie_id` and 0 = 1) limit 8 []
select * from `movie` order by `view_count` desc limit 10 []
select * from `slider` order by `display_order` asc []
select * from `movie` where `movie`.`id` in (1, 2, 3, 4) []
select `id`, `name`, `is_free`, `en_name`, `is_movie_series`, `img`, `bg_img`, `published_at`, `total_episode`, `slug`, (select count(*) from `episode` where `movie`.`id` = `episode`.`movie_id`) as `episodes_count` from `movie` order by `created_at` desc limit 8 []
select `name`, `movie_id` from `episode` where `episode`.`movie_id` in (42, 43, 44, 45, 46, 47, 48, 49) []
select * from `user` where `id` = ? limit 1 [7]
select * from category  where id in (select b.category_id from favorite as a INNER JOIN movie_category as b on a.movie_id = b.movie_id where a.user_id = ? ) [7]
select `id`, `name`, `is_movie_series`, `slug`, `img` from `movie` where exists (select * from `movie_category` where `movie`.`id` = `movie_category`.`movie_id` and 0 = 1) limit 8 []
select * from `movie` order by `view_count` desc limit 10 []
select * from `slider` order by `display_order` asc []
select * from `movie` where `movie`.`id` in (1, 2, 3, 4) []
select * from `user` where `id` = ? limit 1 [7]
select * from category  where id in (select b.category_id from favorite as a INNER JOIN movie_category as b on a.movie_id = b.movie_id where a.user_id = ? ) [7]
select `id`, `name`, `is_movie_series`, `slug`, `img` from `movie` where exists (select * from `movie_category` where `movie`.`id` = `movie_category`.`movie_id` and 0 = 1) limit 8 []
select * from `slider` order by `display_order` asc []
select * from `movie` where `movie`.`id` in (1, 2, 3, 4) []
select * from `user` where `id` = ? limit 1 [7]
select * from category  where id in (select b.category_id from favorite as a INNER JOIN movie_category as b on a.movie_id = b.movie_id where a.user_id = ? ) [7]
select `id`, `name`, `is_movie_series`, `slug`, `img` from `movie` where exists (select * from `movie_category` where `movie`.`id` = `movie_category`.`movie_id` and 0 = 1) limit 8 []
select `id`, `name`, `slug` from `country` limit 5 []
select `id`, `name`, `slug` from `category` []
select * from `slider` order by `display_order` asc []
select * from `movie` where `movie`.`id` in (1, 2, 3, 4) []
select `id`, `name`, `is_free`, `en_name`, `is_movie_series`, `img`, `bg_img`, `published_at`, `total_episode`, `slug`, (select count(*) from `episode` where `movie`.`id` = `episode`.`movie_id`) as `episodes_count` from `movie` order by `created_at` desc limit 8 []
select `name`, `movie_id` from `episode` where `episode`.`movie_id` in (42, 43, 44, 45, 46, 47, 48, 49) []
select * from `user` where `id` = ? limit 1 [7]
select * from category  where id in (select b.category_id from favorite as a INNER JOIN movie_category as b on a.movie_id = b.movie_id where a.user_id = ? ) [7]
select `id`, `name`, `is_movie_series`, `slug`, `img` from `movie` where exists (select * from `movie_category` where `movie`.`id` = `movie_category`.`movie_id` and 0 = 1) limit 8 []
select * from `movie` order by `view_count` desc limit 10 []
select * from `slider` order by `display_order` asc []
select * from `movie` where `movie`.`id` in (1, 2, 3, 4) []
select * from `user` where `id` = ? limit 1 [7]
select * from category  where id in (select b.category_id from favorite as a INNER JOIN movie_category as b on a.movie_id = b.movie_id where a.user_id = ? ) [7]
select `id`, `name`, `is_movie_series`, `slug`, `img` from `movie` where exists (select * from `movie_category` where `movie`.`id` = `movie_category`.`movie_id` and 0 = 1) limit 8 []
select * from `user` where `id` = ? limit 1 [7]
select * from `user` where `id` = ? limit 1 [7]
select count(*) as aggregate from `book_mark` where `user_id` = ? [7]
select * from `book_mark` where `user_id` = ? limit 8 offset 0 [7]
select * from `movie` where `movie`.`id` = ? limit 1 [3]
select * from `slider` order by `display_order` asc []
select * from `movie` where `movie`.`id` in (1, 2, 3, 4) []
select * from `user` where `id` = ? limit 1 [7]
select * from category  where id in (select b.category_id from favorite as a INNER JOIN movie_category as b on a.movie_id = b.movie_id where a.user_id = ? ) [7]
select `id`, `name`, `is_movie_series`, `slug`, `img` from `movie` where exists (select * from `movie_category` where `movie`.`id` = `movie_category`.`movie_id` and 0 = 1) limit 8 []
select * from `user` where `id` = ? limit 1 [7]
select count(*) as aggregate from `book_mark` where `user_id` = ? [7]
select * from `book_mark` where `user_id` = ? limit 8 offset 0 [7]
select * from `movie` where `movie`.`id` = ? limit 1 [3]
select * from `user` where `id` = ? limit 1 [7]
select count(*) as aggregate from `book_mark` where `user_id` = ? [7]
select * from `book_mark` where `user_id` = ? limit 8 offset 0 [7]
select * from `movie` where `movie`.`id` = ? limit 1 [3]
select * from `slider` order by `display_order` asc []
select * from `movie` where `movie`.`id` in (1, 2, 3, 4) []
select * from `user` where `id` = ? limit 1 [7]
select * from category  where id in (select b.category_id from favorite as a INNER JOIN movie_category as b on a.movie_id = b.movie_id where a.user_id = ? ) [7]
select `id`, `name`, `is_movie_series`, `slug`, `img` from `movie` where exists (select * from `movie_category` where `movie`.`id` = `movie_category`.`movie_id` and 0 = 1) limit 8 []
select * from `movie` where `movie`.`id` = ? limit 1 [46]
select * from `user` where `id` = ? limit 1 [7]
select * from `episode` where `episode`.`movie_id` = ? and `episode`.`movie_id` is not null [46]
select * from `movie_comment` where `movie_id` = ? order by `created_at` desc limit 5 [46]
select * from `user` where `user`.`id` in (1) []
select * from `favorite` where (`movie_id` = ? and `user_id` = ?) limit 1 [46, 7]
select `rating_point` from `movie_rating` where (`user_id` = ? and `movie_id` = ?) limit 1 [7, 46]
select count(*) as aggregate from `movie_rating` where `movie_id` = ? [46]
select avg(`rating_point`) as aggregate from `movie_rating` where (`movie_id` = ?) [46]
select * from `movie` where `movie`.`id` = ? limit 1 [46]
select * from `movie` where `movie`.`id` = ? limit 1 [46]
update `movie` set `view_count` = `view_count` + 1 where `id` = ? [46]
select * from `user` where `id` = ? limit 1 [7]
insert into `movie_view` (`movie_id`, `user_id`) values (?, ?) [46, 7]
select * from `user` where `id` = ? limit 1 [7]
select * from `book_mark` where (`user_id` = ? and `movie_id` = ?) limit 1 [7, 46]
insert into `book_mark` (`user_id`, `movie_id`, `episode_id`, `position`) values (?, ?, ?, ?) [7, 46, , 0]
select * from `user` where `id` = ? limit 1 [7]
select count(*) as aggregate from `book_mark` where `user_id` = ? [7]
select * from `book_mark` where `user_id` = ? limit 8 offset 0 [7]
select * from `movie` where `movie`.`id` = ? limit 1 [3]
select * from `movie` where `movie`.`id` = ? limit 1 [46]
select * from `slider` order by `display_order` asc []
select * from `movie` where `movie`.`id` in (1, 2, 3, 4) []
select * from `user` where `id` = ? limit 1 [7]
select * from category  where id in (select b.category_id from favorite as a INNER JOIN movie_category as b on a.movie_id = b.movie_id where a.user_id = ? ) [7]
select `id`, `name`, `is_movie_series`, `slug`, `img` from `movie` where exists (select * from `movie_category` where `movie`.`id` = `movie_category`.`movie_id` and 0 = 1) limit 8 []
select * from `movie` where `movie`.`id` = ? limit 1 [46]
select * from `user` where `id` = ? limit 1 [7]
select * from `episode` where `episode`.`movie_id` = ? and `episode`.`movie_id` is not null [46]
select * from `movie_comment` where `movie_id` = ? order by `created_at` desc limit 5 [46]
select * from `user` where `user`.`id` in (1) []
select * from `favorite` where (`movie_id` = ? and `user_id` = ?) limit 1 [46, 7]
select `rating_point` from `movie_rating` where (`user_id` = ? and `movie_id` = ?) limit 1 [7, 46]
select count(*) as aggregate from `movie_rating` where `movie_id` = ? [46]
select avg(`rating_point`) as aggregate from `movie_rating` where (`movie_id` = ?) [46]
select * from `movie` where `movie`.`id` = ? limit 1 [46]
select * from `user` where `id` = ? limit 1 [7]
select * from `episode` where `episode`.`movie_id` = ? and `episode`.`movie_id` is not null [46]
select * from `movie_comment` where `movie_id` = ? order by `created_at` desc limit 5 [46]
select * from `user` where `user`.`id` in (1) []
select * from `favorite` where (`movie_id` = ? and `user_id` = ?) limit 1 [46, 7]
select `rating_point` from `movie_rating` where (`user_id` = ? and `movie_id` = ?) limit 1 [7, 46]
select count(*) as aggregate from `movie_rating` where `movie_id` = ? [46]
select avg(`rating_point`) as aggregate from `movie_rating` where (`movie_id` = ?) [46]
select * from `movie` where `movie`.`id` = ? limit 1 [46]
select * from `movie` where `movie`.`id` = ? limit 1 [46]
update `movie` set `view_count` = `view_count` + 1 where `id` = ? [46]
select * from `user` where `id` = ? limit 1 [7]
insert into `movie_view` (`movie_id`, `user_id`) values (?, ?) [46, 7]
select * from `user` where `id` = ? limit 1 [7]
select * from `book_mark` where (`user_id` = ? and `movie_id` = ?) limit 1 [7, 46]
select * from `book_mark` where `book_mark`.`id` = ? limit 1 [12]
select * from `slider` order by `display_order` asc []
select * from `movie` where `movie`.`id` in (1, 2, 3, 4) []
select `id`, `name`, `is_free`, `en_name`, `is_movie_series`, `img`, `bg_img`, `published_at`, `total_episode`, `slug`, (select count(*) from `episode` where `movie`.`id` = `episode`.`movie_id`) as `episodes_count` from `movie` order by `created_at` desc limit 8 []
select `name`, `movie_id` from `episode` where `episode`.`movie_id` in (42, 43, 44, 45, 46, 47, 48, 49) []
select * from `user` where `id` = ? limit 1 [7]
select * from category  where id in (select b.category_id from favorite as a INNER JOIN movie_category as b on a.movie_id = b.movie_id where a.user_id = ? ) [7]
select `id`, `name`, `is_movie_series`, `slug`, `img` from `movie` where exists (select * from `movie_category` where `movie`.`id` = `movie_category`.`movie_id` and 0 = 1) limit 8 []
select * from `movie` order by `view_count` desc limit 10 []
select * from `movie` where `movie`.`id` = ? limit 1 [48]
select * from `user` where `id` = ? limit 1 [7]
select * from `episode` where `episode`.`movie_id` = ? and `episode`.`movie_id` is not null [48]
select * from `movie_comment` where `movie_id` = ? order by `created_at` desc limit 5 [48]
select * from `favorite` where (`movie_id` = ? and `user_id` = ?) limit 1 [48, 7]
select `rating_point` from `movie_rating` where (`user_id` = ? and `movie_id` = ?) limit 1 [7, 48]
select count(*) as aggregate from `movie_rating` where `movie_id` = ? [48]
select avg(`rating_point`) as aggregate from `movie_rating` where (`movie_id` = ?) [48]
select * from `episode` where `movie_id` = ? [48]
select * from `user` where `id` = ? limit 1 [7]
select * from `slider` order by `display_order` asc []
select * from `movie` where `movie`.`id` in (1, 2, 3, 4) []
select * from `user` where `id` = ? limit 1 [7]
select * from category  where id in (select b.category_id from favorite as a INNER JOIN movie_category as b on a.movie_id = b.movie_id where a.user_id = ? ) [7]
select `id`, `name`, `is_movie_series`, `slug`, `img` from `movie` where exists (select * from `movie_category` where `movie`.`id` = `movie_category`.`movie_id` and 0 = 1) limit 8 []
select * from `movie` where `movie`.`id` = ? limit 1 [44]
select * from `episode` where `episode`.`movie_id` = ? and `episode`.`movie_id` is not null [44]
select * from `movie_comment` where `movie_id` = ? order by `created_at` desc limit 5 [44]
select * from `user` where `id` = ? limit 1 [7]
select * from `favorite` where (`movie_id` = ? and `user_id` = ?) limit 1 [44, 7]
select `rating_point` from `movie_rating` where (`user_id` = ? and `movie_id` = ?) limit 1 [7, 44]
select count(*) as aggregate from `movie_rating` where `movie_id` = ? [44]
select avg(`rating_point`) as aggregate from `movie_rating` where (`movie_id` = ?) [44]
select * from `movie` where `movie`.`id` = ? limit 1 [44]
select * from `movie` where `movie`.`id` = ? limit 1 [44]
update `movie` set `view_count` = `view_count` + 1 where `id` = ? [44]
select * from `user` where `id` = ? limit 1 [7]
insert into `movie_view` (`movie_id`, `user_id`) values (?, ?) [44, 7]
select * from `movie` where `movie`.`id` = ? limit 1 [44]
select * from `movie` where `movie`.`id` = ? limit 1 [44]
update `movie` set `view_count` = `view_count` + 1 where `id` = ? [44]
select * from `user` where `id` = ? limit 1 [7]
insert into `movie_view` (`movie_id`, `user_id`) values (?, ?) [44, 7]
select count(*) as aggregate from `movie` where `is_on_cinema` = ? [1]
select * from `movie` where `is_on_cinema` = ? limit 4 offset 0 [1]
select * from `user` where `id` = ? limit 1 [7]
select count(*) as aggregate from `movie` where `is_on_cinema` = ? [1]
select * from `movie` where `is_on_cinema` = ? limit 4 offset 4 [1]
select * from `user` where `id` = ? limit 1 [7]
select count(*) as aggregate from `movie` where `is_on_cinema` = ? [1]
select * from `movie` where `is_on_cinema` = ? limit 4 offset 8 [1]
select * from `user` where `id` = ? limit 1 [7]
select * from `user` where `id` = ? limit 1 [7]
select count(*) as aggregate from `book_mark` where `user_id` = ? [7]
select * from `book_mark` where `user_id` = ? limit 8 offset 0 [7]
select * from `movie` where `movie`.`id` = ? limit 1 [3]
select * from `movie` where `movie`.`id` = ? limit 1 [46]
select * from `movie` where `movie`.`id` = ? limit 1 [46]
select * from `user` where `id` = ? limit 1 [7]
select * from `episode` where `episode`.`movie_id` = ? and `episode`.`movie_id` is not null [46]
select * from `movie_comment` where `movie_id` = ? order by `created_at` desc limit 5 [46]
select * from `user` where `user`.`id` in (1) []
select * from `favorite` where (`movie_id` = ? and `user_id` = ?) limit 1 [46, 7]
select `rating_point` from `movie_rating` where (`user_id` = ? and `movie_id` = ?) limit 1 [7, 46]
select count(*) as aggregate from `movie_rating` where `movie_id` = ? [46]
select avg(`rating_point`) as aggregate from `movie_rating` where (`movie_id` = ?) [46]
select * from `slider` order by `display_order` asc []
select * from `movie` where `movie`.`id` in (1, 2, 3, 4) []
select `id`, `name`, `is_free`, `en_name`, `is_movie_series`, `img`, `bg_img`, `published_at`, `total_episode`, `slug`, (select count(*) from `episode` where `movie`.`id` = `episode`.`movie_id`) as `episodes_count` from `movie` order by `created_at` desc limit 8 []
select `name`, `movie_id` from `episode` where `episode`.`movie_id` in (42, 43, 44, 45, 46, 47, 48, 49) []
select * from `user` where `id` = ? limit 1 [7]
select * from category  where id in (select b.category_id from favorite as a INNER JOIN movie_category as b on a.movie_id = b.movie_id where a.user_id = ? ) [7]
select `id`, `name`, `is_movie_series`, `slug`, `img` from `movie` where exists (select * from `movie_category` where `movie`.`id` = `movie_category`.`movie_id` and 0 = 1) limit 8 []
select * from `movie` order by `view_count` desc limit 10 []
select * from `user` where `id` = ? limit 1 [7]
select * from `user` where `email` = ? limit 1 [mynameisdat@gmail.com]
select * from `slider` order by `display_order` asc []
select * from `movie` where `movie`.`id` in (1, 2, 3, 4) []
select * from `user` where `id` = ? limit 1 [3]
select * from category  where id in (select b.category_id from favorite as a INNER JOIN movie_category as b on a.movie_id = b.movie_id where a.user_id = ? ) [3]
select `id`, `name`, `is_movie_series`, `slug`, `img` from `movie` where exists (select * from `movie_category` where `movie`.`id` = `movie_category`.`movie_id` and 0 = 1) limit 8 []
select * from `slider` order by `display_order` asc []
select * from `movie` where `movie`.`id` in (1, 2, 3, 4) []
select * from `user` where `id` = ? limit 1 [3]
select * from category  where id in (select b.category_id from favorite as a INNER JOIN movie_category as b on a.movie_id = b.movie_id where a.user_id = ? ) [3]
select `id`, `name`, `is_movie_series`, `slug`, `img` from `movie` where exists (select * from `movie_category` where `movie`.`id` = `movie_category`.`movie_id` and 0 = 1) limit 8 []
select * from `user` where `id` = ? limit 1 [3]
select `id`, `name` from `country` []
select `id`, `name` from `category` []
select * from `director` []
select * from `user` where `id` = ? limit 1 [3]
select sum(`total_amount`) as aggregate from `Transaction` where `status` = ? [success]
select count(*) as aggregate from `movie` []
select count(*) as aggregate from `user` []
select count(*) as aggregate from `category` []
select * from `user` where `id` = ? limit 1 [3]
select `id`, `name`, `slug` from `country` limit 5 []
select `id`, `name`, `slug` from `category` []
select * from `user` where `id` = ? limit 1 [3]
select sum(`total_amount`) as aggregate from `Transaction` where `status` = ? [success]
select count(*) as aggregate from `movie` []
select count(*) as aggregate from `user` []
select count(*) as aggregate from `category` []
select * from `user` where `id` = ? limit 1 [3]
select sum(`total_amount`) as aggregate from `Transaction` where `status` = ? [success]
select count(*) as aggregate from `movie` []
select count(*) as aggregate from `user` []
select count(*) as aggregate from `category` []
select * from `user` where `id` = ? limit 1 [3]
select sum(`total_amount`) as aggregate from `Transaction` where `status` = ? [success]
select count(*) as aggregate from `movie` []
select count(*) as aggregate from `user` []
select count(*) as aggregate from `category` []
select * from `user` where `id` = ? limit 1 [3]
select * from `user` where `id` = ? limit 1 [3]
select * from `user` where `id` = ? limit 1 [3]
select * from `user` where `id` = ? limit 1 [3]
select * from `user` where `id` = ? limit 1 [3]
select * from `user` where `id` = ? limit 1 [3]
select * from `user` where `id` = ? limit 1 [3]
select * from `user` where `id` = ? limit 1 [3]
select * from `user` where `id` = ? limit 1 [3]
select * from `user` where `id` = ? limit 1 [3]
select * from `user` where `id` = ? limit 1 [3]
select * from `user` where `id` = ? limit 1 [3]
select * from `user` where `id` = ? limit 1 [3]
select * from `user` where `id` = ? limit 1 [3]
select * from `user` where `id` = ? limit 1 [3]
select * from `user` where `id` = ? limit 1 [3]
select * from `user` where `id` = ? limit 1 [3]
select * from `user` where `id` = ? limit 1 [3]
select * from `user` where `id` = ? limit 1 [3]
select * from `user` where `id` = ? limit 1 [3]
select * from `user` where `id` = ? limit 1 [3]
select * from `user` where `id` = ? limit 1 [3]
select * from `user` where `id` = ? limit 1 [3]
select * from `user` where `id` = ? limit 1 [3]
select * from `user` where `id` = ? limit 1 [3]
select * from `user` where `id` = ? limit 1 [3]
select * from `user` where `id` = ? limit 1 [3]
select * from `user` where `id` = ? limit 1 [3]
select * from `user` where `id` = ? limit 1 [3]
select * from `user` where `id` = ? limit 1 [3]
select * from `user` where `id` = ? limit 1 [3]
select * from `user` where `id` = ? limit 1 [3]
select * from `user` where `id` = ? limit 1 [3]
select * from `user` where `id` = ? limit 1 [3]
select * from `user` where `id` = ? limit 1 [3]
select * from `user` where `id` = ? limit 1 [3]
select * from `user` where `id` = ? limit 1 [3]
select * from `user` where `id` = ? limit 1 [3]
select * from `user` where `id` = ? limit 1 [3]
select * from `user` where `id` = ? limit 1 [3]
select * from `user` where `id` = ? limit 1 [3]
select * from `user` where `id` = ? limit 1 [3]
select * from `user` where `id` = ? limit 1 [3]
select * from `user` where `id` = ? limit 1 [3]
select * from `user` where `id` = ? limit 1 [3]
select * from `user` where `id` = ? limit 1 [3]
select * from `user` where `id` = ? limit 1 [3]
select * from `user` where `id` = ? limit 1 [3]
select * from `user` where `id` = ? limit 1 [3]
select * from `user` where `id` = ? limit 1 [3]
select * from `user` where `id` = ? limit 1 [3]
select * from `user` where `id` = ? limit 1 [3]
select * from `user` where `id` = ? limit 1 [3]
select * from `user` where `id` = ? limit 1 [3]
select * from `user` where `id` = ? limit 1 [3]
select * from `user` where `id` = ? limit 1 [3]
select * from `user` where `id` = ? limit 1 [3]
select * from `user` where `id` = ? limit 1 [3]
select * from `user` where `id` = ? limit 1 [3]
select * from `user` where `id` = ? limit 1 [3]
select * from `user` where `id` = ? limit 1 [3]
select * from `user` where `id` = ? limit 1 [3]
select * from `user` where `id` = ? limit 1 [3]
select * from `user` where `id` = ? limit 1 [3]
select * from `user` where `id` = ? limit 1 [3]
select * from `user` where `id` = ? limit 1 [3]
select * from `user` where `id` = ? limit 1 [3]
select * from `user` where `id` = ? limit 1 [3]
select `id`, `name`, `slug` from `country` limit 5 []
select `id`, `name`, `slug` from `category` []
select * from `user` where `id` = ? limit 1 [3]
select * from `user` where `id` = ? limit 1 [3]
select * from `user` where `id` = ? limit 1 [3]
select * from `Transaction` where `created_at` between ? and ? [2021-04-07 09:58:49, 2021-04-30 09:58:49]
select * from `user` where `id` = ? limit 1 [3]
select * from `Transaction` where `created_at` between ? and ? [2021-04-30 09:58:59, 2021-04-30 09:58:59]
select * from `user` where `id` = ? limit 1 [3]
select * from `Transaction` where `created_at` between ? and ? [2021-04-01 09:59:04, 2021-04-30 09:59:04]
select * from `user` where `id` = ? limit 1 [3]
select * from `Transaction` where `created_at` between ? and ? [2021-04-01 09:59:13, 2021-04-30 09:59:13]
select * from `user` where `id` = ? limit 1 [3]
select * from `Transaction` where `created_at` between ? and ? [2021-04-01 09:59:15, 2021-04-30 09:59:15]
select * from `user` where `id` = ? limit 1 [3]
select * from `Transaction` where `created_at` between ? and ? [2021-04-01 09:59:36, 2021-04-30 09:59:36]
select * from `user` where `id` = ? limit 1 [3]
select * from `Transaction` where `created_at` between ? and ? [2021-04-01 09:59:40, 2021-04-30 09:59:40]
select * from `user` where `id` = ? limit 1 [3]
select * from `Transaction` where `created_at` between ? and ? [2021-04-01 10:00:36, 2021-04-30 10:00:36]
select * from `user` where `user`.`id` in (1, 3, 7) []
select * from `membership` where `membership`.`id` in (1, 6, 7, 8) []
select * from `user` where `id` = ? limit 1 [3]
select * from `Transaction` where `created_at` between ? and ? [2021-04-01 10:08:00, 2021-04-30 10:08:00]
select * from `user` where `user`.`id` in (1, 3, 7) []
select * from `membership` where `membership`.`id` in (1, 6, 7, 8) []
select * from `user` where `id` = ? limit 1 [3]
select * from `Transaction` where `created_at` between ? and ? [2021-04-01 10:08:23, 2021-04-30 10:08:23]
select * from `user` where `user`.`id` in (1, 3, 7) []
select * from `membership` where `membership`.`id` in (1, 6, 7, 8) []
select * from `user` where `id` = ? limit 1 [3]
select * from `Transaction` where `created_at` between ? and ? [2021-04-01 10:09:07, 2021-04-30 10:09:07]
select * from `user` where `user`.`id` in (1, 3, 7) []
select * from `membership` where `membership`.`id` in (1, 6, 7, 8) []
select * from `user` where `id` = ? limit 1 [3]
select * from `Transaction` where `created_at` between ? and ? [2021-04-01 10:11:59, 2021-04-30 10:11:59]
select * from `user` where `user`.`id` in (1, 3, 7) []
select * from `membership` where `membership`.`id` in (1, 6, 7, 8) []
select * from `user` where `id` = ? limit 1 [3]
select * from `Transaction` where `created_at` between ? and ? [2021-04-29 10:12:17, 2021-04-30 10:12:17]
select * from `user` where `id` = ? limit 1 [3]
select * from `Transaction` where `created_at` between ? and ? [2021-04-01 10:12:21, 2021-04-30 10:12:21]
select * from `user` where `user`.`id` in (1, 3, 7) []
select * from `membership` where `membership`.`id` in (1, 6, 7, 8) []
select * from `user` where `id` = ? limit 1 [3]
select * from `Transaction` where `created_at` between ? and ? [2021-04-01 10:18:36, 2021-04-30 10:18:36]
select * from `user` where `user`.`id` in (1, 3, 7) []
select * from `membership` where `membership`.`id` in (1, 6, 7, 8) []
select * from `user` where `id` = ? limit 1 [3]
select * from `Transaction` where `created_at` between ? and ? [2021-04-01 10:19:13, 2021-04-30 10:19:13]
select * from `user` where `user`.`id` in (1, 3, 7) []
select * from `membership` where `membership`.`id` in (1, 6, 7, 8) []
select * from `user` where `id` = ? limit 1 [3]
select * from `Transaction` where `created_at` between ? and ? [2021-04-01 10:19:27, 2021-04-30 10:19:27]
select * from `user` where `user`.`id` in (1, 3, 7) []
select * from `membership` where `membership`.`id` in (1, 6, 7, 8) []
select * from `user` where `id` = ? limit 1 [3]
select * from `Transaction` where `created_at` between ? and ? [2021-04-01 10:19:42, 2021-04-30 10:19:42]
select * from `user` where `user`.`id` in (1, 3, 7) []
select * from `membership` where `membership`.`id` in (1, 6, 7, 8) []
select * from `user` where `id` = ? limit 1 [3]
select * from `Transaction` where `created_at` between ? and ? [2021-04-01 10:20:29, 2021-04-30 10:20:29]
select * from `user` where `user`.`id` in (1, 3, 7) []
select * from `membership` where `membership`.`id` in (1, 6, 7, 8) []
select * from `user` where `id` = ? limit 1 [3]
select * from `Transaction` where `created_at` between ? and ? [2021-04-01 10:20:37, 2021-04-30 10:20:37]
select * from `user` where `user`.`id` in (1, 3, 7) []
select * from `membership` where `membership`.`id` in (1, 6, 7, 8) []
select * from `user` where `id` = ? limit 1 [3]
select * from `Transaction` where `created_at` between ? and ? [2021-04-01 10:20:51, 2021-04-30 10:20:51]
select * from `user` where `user`.`id` in (1, 3, 7) []
select * from `membership` where `membership`.`id` in (1, 6, 7, 8) []
select * from `user` where `id` = ? limit 1 [3]
select * from `Transaction` where `created_at` between ? and ? [2021-04-01 10:21:03, 2021-04-30 10:21:03]
select * from `user` where `user`.`id` in (1, 3, 7) []
select * from `membership` where `membership`.`id` in (1, 6, 7, 8) []
select * from `user` where `id` = ? limit 1 [3]
select * from `Transaction` where `created_at` between ? and ? [2021-04-01 10:21:09, 2021-04-30 10:21:09]
select * from `user` where `user`.`id` in (1, 3, 7) []
select * from `membership` where `membership`.`id` in (1, 6, 7, 8) []
select * from `user` where `id` = ? limit 1 [3]
select * from `Transaction` where `created_at` between ? and ? [2021-04-01 10:21:38, 2021-04-30 10:21:38]
select * from `user` where `user`.`id` in (1, 3, 7) []
select * from `membership` where `membership`.`id` in (1, 6, 7, 8) []
select * from `user` where `id` = ? limit 1 [3]
select * from `Transaction` where `created_at` between ? and ? [2021-04-01 10:21:49, 2021-04-30 10:21:49]
select * from `user` where `user`.`id` in (1, 3, 7) []
select * from `membership` where `membership`.`id` in (1, 6, 7, 8) []
select * from `user` where `id` = ? limit 1 [3]
select * from `Transaction` where `created_at` between ? and ? [2021-03-01 10:22:01, 2021-04-30 10:22:01]
select * from `user` where `user`.`id` in (1, 3, 7) []
select * from `membership` where `membership`.`id` in (1, 6, 7, 8) []
select * from `user` where `id` = ? limit 1 [3]
select * from `Transaction` where `created_at` between ? and ? [2021-04-22 10:22:07, 2021-04-30 10:22:07]
select * from `user` where `user`.`id` in (1, 7) []
select * from `membership` where `membership`.`id` in (1, 6, 7) []
select * from `user` where `id` = ? limit 1 [3]
select * from `Transaction` where `created_at` between ? and ? [2021-04-22 10:22:27, 2021-04-30 10:22:27]
select * from `user` where `user`.`id` in (1, 7) []
select * from `membership` where `membership`.`id` in (1, 6, 7) []
select * from `user` where `id` = ? limit 1 [3]
select * from `Transaction` where `created_at` between ? and ? [2021-04-22 10:22:28, 2021-04-30 10:22:28]
select * from `user` where `user`.`id` in (1, 7) []
select * from `membership` where `membership`.`id` in (1, 6, 7) []
select * from `user` where `id` = ? limit 1 [3]
select * from `Transaction` where `created_at` between ? and ? [2021-04-22 10:22:29, 2021-04-30 10:22:29]
select * from `user` where `user`.`id` in (1, 7) []
select * from `membership` where `membership`.`id` in (1, 6, 7) []
select * from `user` where `id` = ? limit 1 [3]
select * from `user` where `id` = ? limit 1 [3]
select * from `Transaction` where `created_at` between ? and ? [2021-04-22 10:23:33, 2021-04-30 10:23:33]
select * from `user` where `user`.`id` in (1, 7) []
select * from `membership` where `membership`.`id` in (1, 6, 7) []
select * from `user` where `id` = ? limit 1 [3]
select * from `user` where `id` = ? limit 1 [3]
select * from `user` where `id` = ? limit 1 [3]
select * from `Transaction` where `created_at` between ? and ? [, ]
select * from `user` where `id` = ? limit 1 [3]
select * from `Transaction` where `created_at` between ? and ? [, ]
select * from `user` where `id` = ? limit 1 [3]
select * from `Transaction` where `created_at` between ? and ? [, ]
select * from `user` where `id` = ? limit 1 [3]
select * from `Transaction` where `created_at` between ? and ? [, ]
select * from `user` where `id` = ? limit 1 [3]
select * from `Transaction` where `created_at` between ? and ? [, ]
select * from `user` where `id` = ? limit 1 [3]
select * from `Transaction` where `created_at` between ? and ? [, ]
select * from `user` where `id` = ? limit 1 [3]
select * from `Transaction` where `created_at` between ? and ? [, ]
select * from `user` where `id` = ? limit 1 [3]
select * from `Transaction` where `created_at` between ? and ? [, ]
select * from `user` where `id` = ? limit 1 [3]
select * from `Transaction` where `created_at` between ? and ? [, ]
select * from `user` where `id` = ? limit 1 [3]
select * from `Transaction` where `created_at` between ? and ? [, ]
select * from `user` where `id` = ? limit 1 [3]
select * from `Transaction` where `created_at` between ? and ? [, ]
select * from `user` where `id` = ? limit 1 [3]
select * from `Transaction` where `created_at` between ? and ? [, ]
select * from `user` where `id` = ? limit 1 [3]
select * from `Transaction` where `created_at` between ? and ? [2021-04-15 10:26:54, 2021-04-30 10:26:54]
select * from `user` where `user`.`id` in (1, 3, 7) []
select * from `membership` where `membership`.`id` in (1, 6, 7, 8) []
select * from `user` where `id` = ? limit 1 [3]
select * from `Transaction` where `created_at` between ? and ? [2021-04-15 10:26:59, 2021-04-30 10:26:59]
select * from `user` where `user`.`id` in (1, 3, 7) []
select * from `membership` where `membership`.`id` in (1, 6, 7, 8) []
select * from `user` where `id` = ? limit 1 [3]
select * from `Transaction` where `created_at` between ? and ? [2021-04-23 10:27:03, 2021-04-30 10:27:03]
select * from `user` where `user`.`id` in (1, 7) []
select * from `membership` where `membership`.`id` in (1, 6, 7) []
select * from `user` where `id` = ? limit 1 [3]
select * from `Transaction` where `created_at` between ? and ? [2021-04-23 10:46:12, 2021-04-30 10:46:12]
select * from `user` where `user`.`id` in (1, 7) []
select * from `membership` where `membership`.`id` in (1, 6, 7) []
select * from `user` where `id` = ? limit 1 [3]
select * from `Transaction` where `created_at` between ? and ? [2021-04-23 10:47:16, 2021-04-30 10:47:16]
select * from `user` where `user`.`id` in (1, 7) []
select * from `membership` where `membership`.`id` in (1, 6, 7) []
select * from `user` where `id` = ? limit 1 [3]
select * from `Transaction` where `created_at` between ? and ? [2021-04-23 10:47:24, 2021-04-30 10:47:24]
select * from `user` where `user`.`id` in (1, 7) []
select * from `membership` where `membership`.`id` in (1, 6, 7) []
select * from `user` where `id` = ? limit 1 [3]
select * from `Transaction` where `created_at` between ? and ? [2021-04-23 10:47:39, 2021-04-30 10:47:39]
select * from `user` where `user`.`id` in (1, 7) []
select * from `membership` where `membership`.`id` in (1, 6, 7) []
select * from `user` where `id` = ? limit 1 [3]
select * from `Transaction` where `created_at` between ? and ? [2021-04-23 10:47:52, 2021-04-30 10:47:52]
select * from `user` where `user`.`id` in (1, 7) []
select * from `membership` where `membership`.`id` in (1, 6, 7) []
select * from `user` where `id` = ? limit 1 [3]
select * from `Transaction` where `created_at` between ? and ? [2021-04-23 10:49:51, 2021-04-30 10:49:51]
select * from `user` where `user`.`id` in (1, 7) []
select * from `membership` where `membership`.`id` in (1, 6, 7) []
select * from `user` where `id` = ? limit 1 [3]
select * from `Transaction` where `created_at` between ? and ? [2021-04-23 10:56:56, 2021-04-30 10:56:56]
select * from `user` where `user`.`id` in (1, 7) []
select * from `membership` where `membership`.`id` in (1, 6, 7) []
select * from `user` where `id` = ? limit 1 [3]
select * from `Transaction` where `created_at` between ? and ? [2021-04-23 10:57:22, 2021-04-30 10:57:22]
select * from `user` where `user`.`id` in (1, 7) []
select * from `membership` where `membership`.`id` in (1, 6, 7) []
select * from `user` where `id` = ? limit 1 [3]
select * from `Transaction` where `created_at` between ? and ? [2021-04-23 10:57:39, 2021-04-30 10:57:39]
select * from `user` where `user`.`id` in (1, 7) []
select * from `membership` where `membership`.`id` in (1, 6, 7) []
select `id`, `name`, `slug` from `country` limit 5 []
select `id`, `name`, `slug` from `category` []
select * from `user` where `id` = ? limit 1 [3]
select * from `Transaction` where `created_at` between ? and ? [2021-04-23 10:58:42, 2021-04-30 10:58:42]
select * from `user` where `user`.`id` in (1, 7) []
select * from `membership` where `membership`.`id` in (1, 6, 7) []
select * from `user` where `id` = ? limit 1 [3]
select * from `Transaction` where `created_at` between ? and ? [2021-04-23 10:59:21, 2021-04-30 10:59:21]
select * from `user` where `user`.`id` in (1, 7) []
select * from `membership` where `membership`.`id` in (1, 6, 7) []
select * from `user` where `id` = ? limit 1 [3]
select * from `Transaction` where `created_at` between ? and ? [2021-04-23 10:59:35, 2021-04-30 10:59:35]
select * from `user` where `user`.`id` in (1, 7) []
select * from `membership` where `membership`.`id` in (1, 6, 7) []
select * from `user` where `id` = ? limit 1 [3]
select * from `Transaction` where `created_at` between ? and ? [2021-04-23 10:59:49, 2021-04-30 10:59:49]
select * from `user` where `user`.`id` in (1, 7) []
select * from `membership` where `membership`.`id` in (1, 6, 7) []
select * from `user` where `id` = ? limit 1 [3]
select * from `Transaction` where `created_at` between ? and ? [2021-04-23 11:00:40, 2021-04-30 11:00:40]
select * from `user` where `user`.`id` in (1, 7) []
select * from `membership` where `membership`.`id` in (1, 6, 7) []
select * from `user` where `id` = ? limit 1 [3]
select * from `Transaction` where `created_at` between ? and ? [2021-04-23 11:01:00, 2021-04-30 11:01:00]
select * from `user` where `user`.`id` in (1, 7) []
select * from `membership` where `membership`.`id` in (1, 6, 7) []
select * from `user` where `id` = ? limit 1 [3]
select * from `Transaction` where `created_at` between ? and ? [2021-04-23 11:01:19, 2021-04-30 11:01:19]
select * from `user` where `user`.`id` in (1, 7) []
select * from `membership` where `membership`.`id` in (1, 6, 7) []
select * from `user` where `id` = ? limit 1 [3]
select * from `Transaction` where `created_at` between ? and ? [2021-04-23 11:01:49, 2021-04-30 11:01:49]
select * from `user` where `user`.`id` in (1, 7) []
select * from `membership` where `membership`.`id` in (1, 6, 7) []
select * from `user` where `id` = ? limit 1 [3]
select * from `Transaction` where `created_at` between ? and ? [2021-04-23 11:02:25, 2021-04-30 11:02:25]
select * from `user` where `user`.`id` in (1, 7) []
select * from `membership` where `membership`.`id` in (1, 6, 7) []
select * from `user` where `id` = ? limit 1 [3]
select * from `Transaction` where `created_at` between ? and ? [2021-04-23 11:02:44, 2021-04-30 11:02:44]
select * from `user` where `user`.`id` in (1, 7) []
select * from `membership` where `membership`.`id` in (1, 6, 7) []
select * from `user` where `id` = ? limit 1 [3]
select * from `Transaction` where `created_at` between ? and ? [2021-04-23 11:03:30, 2021-04-30 11:03:30]
select * from `user` where `user`.`id` in (1, 7) []
select * from `membership` where `membership`.`id` in (1, 6, 7) []
select * from `user` where `id` = ? limit 1 [3]
select * from `Transaction` where `created_at` between ? and ? [2021-04-23 11:06:01, 2021-04-30 11:06:01]
select * from `user` where `user`.`id` in (1, 7) []
select * from `membership` where `membership`.`id` in (1, 6, 7) []
select * from `user` where `id` = ? limit 1 [3]
select * from `Transaction` where `created_at` between ? and ? [2021-04-23 11:06:49, 2021-04-30 11:06:49]
select * from `user` where `user`.`id` in (1, 7) []
select * from `membership` where `membership`.`id` in (1, 6, 7) []
select * from `user` where `id` = ? limit 1 [3]
select * from `Transaction` where `created_at` between ? and ? [2021-04-23 11:06:57, 2021-04-30 11:06:57]
select * from `user` where `user`.`id` in (1, 7) []
select * from `membership` where `membership`.`id` in (1, 6, 7) []
select * from `user` where `id` = ? limit 1 [3]
select * from `Transaction` where `created_at` between ? and ? [2021-04-23 11:07:27, 2021-04-30 11:07:27]
select * from `user` where `user`.`id` in (1, 7) []
select * from `membership` where `membership`.`id` in (1, 6, 7) []
select * from `user` where `id` = ? limit 1 [3]
select * from `Transaction` where `created_at` between ? and ? [2021-04-23 11:07:48, 2021-04-30 11:07:48]
select * from `user` where `user`.`id` in (1, 7) []
select * from `membership` where `membership`.`id` in (1, 6, 7) []
select * from `user` where `id` = ? limit 1 [3]
select * from `Transaction` where `created_at` between ? and ? [2021-04-23 11:08:29, 2021-04-30 11:08:29]
select * from `user` where `user`.`id` in (1, 7) []
select * from `membership` where `membership`.`id` in (1, 6, 7) []
select * from `user` where `id` = ? limit 1 [3]
select * from `Transaction` where `created_at` between ? and ? [2021-03-10 11:08:40, 2021-04-30 11:08:40]
select * from `user` where `user`.`id` in (1, 3, 7) []
select * from `membership` where `membership`.`id` in (1, 6, 7, 8) []
select * from `user` where `id` = ? limit 1 [3]
select * from `Transaction` where `created_at` between ? and ? [2021-03-10 11:08:41, 2021-04-30 11:08:41]
select * from `user` where `user`.`id` in (1, 3, 7) []
select * from `membership` where `membership`.`id` in (1, 6, 7, 8) []
select * from `user` where `id` = ? limit 1 [3]
select * from `Transaction` where `created_at` between ? and ? [2021-03-10 11:09:02, 2021-04-30 11:09:02]
select * from `user` where `user`.`id` in (1, 3, 7) []
select * from `membership` where `membership`.`id` in (1, 6, 7, 8) []
select * from `user` where `id` = ? limit 1 [3]
select * from `Transaction` where `created_at` between ? and ? [2021-03-10 11:13:12, 2021-04-30 11:13:12]
select * from `user` where `user`.`id` in (1, 3, 7) []
select * from `membership` where `membership`.`id` in (1, 6, 7, 8) []
select * from `user` where `id` = ? limit 1 [3]
select * from `Transaction` where `created_at` between ? and ? [2021-03-10 11:13:49, 2021-04-30 11:13:49]
select * from `user` where `user`.`id` in (1, 3, 7) []
select * from `membership` where `membership`.`id` in (1, 6, 7, 8) []
select * from `user` where `id` = ? limit 1 [3]
select * from `Transaction` where `created_at` between ? and ? [2021-03-10 11:13:58, 2021-04-30 11:13:58]
select * from `user` where `user`.`id` in (1, 3, 7) []
select * from `membership` where `membership`.`id` in (1, 6, 7, 8) []
select * from `user` where `id` = ? limit 1 [3]
select * from `Transaction` where `created_at` between ? and ? [2021-03-10 11:14:14, 2021-04-30 11:14:14]
select * from `user` where `user`.`id` in (1, 3, 7) []
select * from `membership` where `membership`.`id` in (1, 6, 7, 8) []
select * from `user` where `id` = ? limit 1 [3]
select * from `Transaction` where `created_at` between ? and ? [2021-03-10 11:14:22, 2021-04-30 11:14:22]
select * from `user` where `user`.`id` in (1, 3, 7) []
select * from `membership` where `membership`.`id` in (1, 6, 7, 8) []
select * from `user` where `id` = ? limit 1 [3]
select * from `Transaction` where `created_at` between ? and ? [2021-03-10 11:15:03, 2021-04-30 11:15:03]
select * from `user` where `user`.`id` in (1, 3, 7) []
select * from `membership` where `membership`.`id` in (1, 6, 7, 8) []
select * from `user` where `id` = ? limit 1 [3]
select * from `Transaction` where `created_at` between ? and ? [2021-03-10 11:15:17, 2021-04-30 11:15:17]
select * from `user` where `user`.`id` in (1, 3, 7) []
select * from `membership` where `membership`.`id` in (1, 6, 7, 8) []
select * from `user` where `id` = ? limit 1 [3]
select * from `Transaction` where `created_at` between ? and ? [2021-03-10 11:19:46, 2021-04-30 11:19:46]
select * from `user` where `user`.`id` in (1, 3, 7) []
select * from `membership` where `membership`.`id` in (1, 6, 7, 8) []
select * from `user` where `id` = ? limit 1 [3]
select * from `Transaction` where `created_at` between ? and ? [2021-03-10 11:19:54, 2021-04-30 11:19:54]
select * from `user` where `user`.`id` in (1, 3, 7) []
select * from `membership` where `membership`.`id` in (1, 6, 7, 8) []
select * from `user` where `id` = ? limit 1 [3]
select * from `Transaction` where `created_at` between ? and ? [2021-04-30 11:19:59, 2021-04-30 11:19:59]
select * from `user` where `id` = ? limit 1 [3]
select * from `Transaction` where `created_at` between ? and ? [2021-04-30 11:20:10, 2021-04-30 11:20:10]
select * from `user` where `id` = ? limit 1 [3]
select * from `Transaction` where `created_at` between ? and ? [2021-04-30 11:20:15, 2021-04-30 11:20:15]
select * from `slider` order by `display_order` asc []
select * from `movie` where `movie`.`id` in (1, 2, 3, 4) []
select `id`, `name`, `is_free`, `en_name`, `is_movie_series`, `img`, `bg_img`, `published_at`, `total_episode`, `slug`, (select count(*) from `episode` where `movie`.`id` = `episode`.`movie_id`) as `episodes_count` from `movie` order by `created_at` desc limit 8 []
select `name`, `movie_id` from `episode` where `episode`.`movie_id` in (42, 43, 44, 45, 46, 47, 48, 49) []
select * from `user` where `id` = ? limit 1 [3]
select * from category  where id in (select b.category_id from favorite as a INNER JOIN movie_category as b on a.movie_id = b.movie_id where a.user_id = ? ) [3]
select `id`, `name`, `is_movie_series`, `slug`, `img` from `movie` where exists (select * from `movie_category` where `movie`.`id` = `movie_category`.`movie_id` and 0 = 1) limit 8 []
select * from `movie` order by `view_count` desc limit 10 []
select * from `user` where `id` = ? limit 1 [3]
select * from `Transaction` where `created_at` between ? and ? [2021-04-30 11:21:19, 2021-04-30 11:21:19]
select * from `user` where `id` = ? limit 1 [3]
select * from `Transaction` where `created_at` between ? and ? [2021-04-30 11:21:25, 2021-04-30 11:21:25]
select * from `user` where `id` = ? limit 1 [3]
select * from `Transaction` where `created_at` between ? and ? [2021-04-30 11:21:49, 2021-04-30 11:21:49]
select * from `user` where `id` = ? limit 1 [3]
select * from `Transaction` where `created_at` between ? and ? [2021-04-30 11:21:50, 2021-04-30 11:21:50]
select * from `user` where `id` = ? limit 1 [3]
select * from `Transaction` where `created_at` between ? and ? [2021-04-30 11:21:50, 2021-04-30 11:21:50]
select * from `user` where `id` = ? limit 1 [3]
select * from `Transaction` where `created_at` between ? and ? [2021-04-30 11:21:50, 2021-04-30 11:21:50]
select * from `user` where `id` = ? limit 1 [3]
select * from `Transaction` where `created_at` between ? and ? [2021-04-05 11:21:54, 2021-04-30 11:21:54]
select * from `user` where `user`.`id` in (1, 3, 7) []
select * from `membership` where `membership`.`id` in (1, 6, 7, 8) []
select * from `user` where `id` = ? limit 1 [3]
select * from `Transaction` where `created_at` between ? and ? [2021-03-18 11:22:00, 2021-04-30 11:22:00]
select * from `user` where `user`.`id` in (1, 3, 7) []
select * from `membership` where `membership`.`id` in (1, 6, 7, 8) []
select * from `user` where `id` = ? limit 1 [3]
select * from `Transaction` where `created_at` between ? and ? [2021-03-18 11:26:01, 2021-04-30 11:26:01]
select * from `user` where `user`.`id` in (1, 3, 7) []
select * from `membership` where `membership`.`id` in (1, 6, 7, 8) []
select * from `user` where `id` = ? limit 1 [3]
select * from `Transaction` where `created_at` between ? and ? [2021-03-18 11:27:03, 2021-04-30 11:27:03]
select * from `user` where `user`.`id` in (1, 3, 7) []
select * from `membership` where `membership`.`id` in (1, 6, 7, 8) []
select * from `user` where `id` = ? limit 1 [3]
select * from `user` where `id` = ? limit 1 [3]
select * from `Transaction` where `created_at` between ? and ? [2021-03-18 11:27:40, 2021-04-30 11:27:40]
select * from `user` where `user`.`id` in (1, 3, 7) []
select * from `membership` where `membership`.`id` in (1, 6, 7, 8) []
select * from `user` where `id` = ? limit 1 [3]
select * from `Transaction` where `created_at` between ? and ? [2021-03-18 11:27:46, 2021-04-30 11:27:46]
select * from `user` where `user`.`id` in (1, 3, 7) []
select * from `membership` where `membership`.`id` in (1, 6, 7, 8) []
select * from `user` where `id` = ? limit 1 [3]
select * from `Transaction` where `created_at` between ? and ? [, ]
select * from `user` where `id` = ? limit 1 [3]
select * from `Transaction` where `created_at` between ? and ? [2021-03-09 11:27:55, 2021-04-24 11:27:55]
select * from `user` where `user`.`id` in (1, 3, 7) []
select * from `membership` where `membership`.`id` in (1, 6, 7, 8) []
select * from `user` where `id` = ? limit 1 [3]
select * from `Transaction` where `created_at` between ? and ? [2021-03-09 11:28:25, 2021-04-24 11:28:25]
select * from `user` where `user`.`id` in (1, 3, 7) []
select * from `membership` where `membership`.`id` in (1, 6, 7, 8) []
select * from `user` where `id` = ? limit 1 [3]
select * from `Transaction` where `created_at` between ? and ? [2021-03-09 11:28:27, 2021-04-24 11:28:27]
select * from `user` where `user`.`id` in (1, 3, 7) []
select * from `membership` where `membership`.`id` in (1, 6, 7, 8) []
select * from `user` where `id` = ? limit 1 [3]
select * from `Transaction` where `created_at` between ? and ? [2021-03-09 11:28:50, 2021-04-24 11:28:50]
select * from `user` where `user`.`id` in (1, 3, 7) []
select * from `membership` where `membership`.`id` in (1, 6, 7, 8) []
select * from `user` where `id` = ? limit 1 [3]
select * from `Transaction` where `created_at` between ? and ? [2021-03-09 11:30:04, 2021-04-24 11:30:04]
select * from `user` where `user`.`id` in (1, 3, 7) []
select * from `membership` where `membership`.`id` in (1, 6, 7, 8) []
select * from `user` where `id` = ? limit 1 [3]
select * from `Transaction` where `created_at` between ? and ? [2021-03-09 11:30:06, 2021-04-24 11:30:06]
select * from `user` where `user`.`id` in (1, 3, 7) []
select * from `membership` where `membership`.`id` in (1, 6, 7, 8) []
select * from `user` where `id` = ? limit 1 [3]
select * from `Transaction` where `created_at` between ? and ? [2021-03-09 11:30:35, 2021-04-24 11:30:35]
select * from `user` where `user`.`id` in (1, 3, 7) []
select * from `membership` where `membership`.`id` in (1, 6, 7, 8) []
select * from `user` where `id` = ? limit 1 [3]
select * from `Transaction` where `created_at` between ? and ? [2021-03-09 11:30:37, 2021-04-24 11:30:37]
select * from `user` where `user`.`id` in (1, 3, 7) []
select * from `membership` where `membership`.`id` in (1, 6, 7, 8) []
select * from `user` where `id` = ? limit 1 [3]
select * from `Transaction` where `created_at` between ? and ? [2021-03-09 11:30:47, 2021-04-24 11:30:47]
select * from `user` where `user`.`id` in (1, 3, 7) []
select * from `membership` where `membership`.`id` in (1, 6, 7, 8) []
select * from `user` where `id` = ? limit 1 [3]
select * from `Transaction` where `created_at` between ? and ? [2021-03-09 11:30:53, 2021-04-24 11:30:53]
select * from `user` where `user`.`id` in (1, 3, 7) []
select * from `membership` where `membership`.`id` in (1, 6, 7, 8) []
select * from `user` where `id` = ? limit 1 [3]
select * from `user` where `email` = ? limit 1 [superdat98@gmail.com]
select * from `slider` order by `display_order` asc []
select * from `movie` where `movie`.`id` in (1, 2, 3, 4) []
select `id`, `name`, `is_free`, `en_name`, `is_movie_series`, `img`, `bg_img`, `published_at`, `total_episode`, `slug`, (select count(*) from `episode` where `movie`.`id` = `episode`.`movie_id`) as `episodes_count` from `movie` order by `created_at` desc limit 8 []
select `name`, `movie_id` from `episode` where `episode`.`movie_id` in (42, 43, 44, 45, 46, 47, 48, 49) []
select * from `user` where `id` = ? limit 1 [7]
select * from category  where id in (select b.category_id from favorite as a INNER JOIN movie_category as b on a.movie_id = b.movie_id where a.user_id = ? ) [7]
select `id`, `name`, `is_movie_series`, `slug`, `img` from `movie` where exists (select * from `movie_category` where `movie`.`id` = `movie_category`.`movie_id` and 0 = 1) limit 8 []
select * from `movie` order by `view_count` desc limit 10 []
select * from `membership` []
select * from `user` where `id` = ? limit 1 [7]
select * from `membership` where `membership`.`id` = ? limit 1 [6]
select * from `user` where `id` = ? limit 1 [7]
select * from `membership` where `membership`.`id` = ? limit 1 [6]
select * from `user` where `id` = ? limit 1 [7]
insert into `Transaction` (`user_id`, `membership_id`, `number_of_day`, `status`, `total_amount`) values (?, ?, ?, ?, ?) [7, 6, 31, unsuccessfully, 25000000]
select * from `Transaction` where `Transaction`.`id` = ? limit 1 [35]
select * from `slider` order by `display_order` asc []
select * from `movie` where `movie`.`id` in (1, 2, 3, 4) []
select * from `user` where `id` = ? limit 1 [7]
select * from category  where id in (select b.category_id from favorite as a INNER JOIN movie_category as b on a.movie_id = b.movie_id where a.user_id = ? ) [7]
select `id`, `name`, `is_movie_series`, `slug`, `img` from `movie` where exists (select * from `movie_category` where `movie`.`id` = `movie_category`.`movie_id` and 0 = 1) limit 8 []
select * from `user` where `id` = ? limit 1 [7]
select * from `user` where `email` = ? limit 1 [mynameisdat6@gmail.com]
select * from `user` where `id` = ? limit 1 [1]
select `id`, `name` from `country` []
select `id`, `name` from `category` []
select * from `director` []
select * from `user` where `id` = ? limit 1 [1]
select * from `Transaction` where `created_at` between ? and ? [, ]
select * from `user` where `id` = ? limit 1 [1]
select * from `Transaction` where `created_at` between ? and ? [, ]
select * from `user` where `id` = ? limit 1 [1]
select * from `Transaction` where `created_at` between ? and ? [, ]
select * from `user` where `id` = ? limit 1 [1]
select * from `Transaction` where `created_at` between ? and ? [2021-03-31 11:40:11, 2021-04-30 11:40:11]
select * from `user` where `user`.`id` in (1, 3, 7) []
select * from `membership` where `membership`.`id` in (1, 6, 7, 8) []
select * from `user` where `id` = ? limit 1 [1]
select * from `Transaction` where `created_at` between ? and ? [2021-03-31 11:53:37, 2021-04-30 11:53:37]
select * from `user` where `user`.`id` in (1, 3, 7) []
select * from `membership` where `membership`.`id` in (1, 6, 7, 8) []
select * from `user` where `id` = ? limit 1 [1]
select * from `Transaction` where `created_at` between ? and ? [2021-03-31 11:55:02, 2021-04-30 11:55:02]
select * from `user` where `user`.`id` in (1, 3, 7) []
select * from `membership` where `membership`.`id` in (1, 6, 7, 8) []
select * from `user` where `id` = ? limit 1 [1]
select * from `Transaction` where `created_at` between ? and ? [2021-03-31 11:56:04, 2021-04-30 11:56:04]
select * from `user` where `user`.`id` in (1, 3, 7) []
select * from `membership` where `membership`.`id` in (1, 6, 7, 8) []
select * from `user` where `id` = ? limit 1 [1]
select * from `Transaction` where `created_at` between ? and ? [2021-03-31 11:56:17, 2021-04-30 11:56:17]
select * from `user` where `user`.`id` in (1, 3, 7) []
select * from `membership` where `membership`.`id` in (1, 6, 7, 8) []
select * from `user` where `id` = ? limit 1 [1]
select * from `Transaction` where `created_at` between ? and ? [2021-03-31 11:56:45, 2021-04-30 11:56:45]
select * from `user` where `user`.`id` in (1, 3, 7) []
select * from `membership` where `membership`.`id` in (1, 6, 7, 8) []
select * from `user` where `id` = ? limit 1 [1]
select * from `Transaction` where `created_at` between ? and ? [2021-03-31 11:56:52, 2021-04-30 11:56:52]
select * from `user` where `user`.`id` in (1, 3, 7) []
select * from `membership` where `membership`.`id` in (1, 6, 7, 8) []
select * from `user` where `id` = ? limit 1 [1]
select * from `Transaction` where `created_at` between ? and ? [2021-03-31 11:57:02, 2021-04-30 11:57:02]
select * from `user` where `user`.`id` in (1, 3, 7) []
select * from `membership` where `membership`.`id` in (1, 6, 7, 8) []
select `id`, `name`, `slug` from `country` limit 5 []
select `id`, `name`, `slug` from `category` []
select * from `user` where `id` = ? limit 1 [1]
select * from `Transaction` where `created_at` between ? and ? [2021-03-31 12:07:40, 2021-04-30 12:07:40]
select * from `user` where `user`.`id` in (1, 3, 7) []
select * from `membership` where `membership`.`id` in (1, 6, 7, 8) []
select * from `user` where `id` = ? limit 1 [1]
select * from `Transaction` where `created_at` between ? and ? [2021-03-31 12:13:18, 2021-04-30 12:13:18]
select * from `user` where `user`.`id` in (1, 3, 7) []
select * from `membership` where `membership`.`id` in (1, 6, 7, 8) []
select * from `user` where `id` = ? limit 1 [1]
select * from `Transaction` where `created_at` between ? and ? [2021-03-31 12:16:23, 2021-04-30 12:16:23]
select * from `user` where `user`.`id` in (1, 3, 7) []
select * from `membership` where `membership`.`id` in (1, 6, 7, 8) []
select * from `user` where `id` = ? limit 1 [1]
select * from `Transaction` where `created_at` between ? and ? [2021-03-31 12:16:29, 2021-04-30 12:16:29]
select * from `user` where `user`.`id` in (1, 3, 7) []
select * from `membership` where `membership`.`id` in (1, 6, 7, 8) []
select * from `user` where `id` = ? limit 1 [1]
select * from `Transaction` where `created_at` between ? and ? [2021-03-31 12:16:38, 2021-04-30 12:16:38]
select * from `user` where `user`.`id` in (1, 3, 7) []
select * from `membership` where `membership`.`id` in (1, 6, 7, 8) []
select * from `user` where `id` = ? limit 1 [1]
select * from `Transaction` where `created_at` between ? and ? [2021-03-31 12:16:45, 2021-04-30 12:16:45]
select * from `user` where `user`.`id` in (1, 3, 7) []
select * from `membership` where `membership`.`id` in (1, 6, 7, 8) []
select * from `user` where `id` = ? limit 1 [1]
select * from `Transaction` where `created_at` between ? and ? [2021-03-31 13:04:31, 2021-04-30 13:04:31]
select * from `user` where `user`.`id` in (1, 3, 7) []
select * from `membership` where `membership`.`id` in (1, 6, 7, 8) []
select * from `user` where `id` = ? limit 1 [1]
select * from `Transaction` where `created_at` between ? and ? [, ]
select * from `user` where `id` = ? limit 1 [1]
select * from `user` where `email` = ? limit 1 [mynameisdar6@gmail.com]
select * from `user` where `email` = ? limit 1 [mynameisdat6@gmail.com]
select * from `user` where `id` = ? limit 1 [1]
select `id`, `name` from `country` []
select `id`, `name` from `category` []
select * from `director` []
select * from `user` where `id` = ? limit 1 [1]
select sum(`total_amount`) as aggregate from `Transaction` where `status` = ? [success]
select count(*) as aggregate from `movie` []
select count(*) as aggregate from `user` []
select count(*) as aggregate from `category` []
select * from `user` where `id` = ? limit 1 [1]
select * from `Transaction` where `created_at` between ? and ? [, ]
select * from `user` where `id` = ? limit 1 [1]
select * from `Transaction` where `created_at` between ? and ? [, ]
select * from `user` where `id` = ? limit 1 [1]
select * from `Transaction` where `created_at` between ? and ? [2021-04-13 13:07:01, 2021-04-30 13:07:01]
select * from `user` where `user`.`id` in (1, 3, 7) []
select * from `membership` where `membership`.`id` in (1, 6, 7, 8) []
select `id`, `name`, `slug` from `country` limit 5 []
select `id`, `name`, `slug` from `category` []
select * from `user` where `id` = ? limit 1 [1]
select * from `Transaction` where `created_at` between ? and ? [2021-04-13 13:10:28, 2021-04-30 13:10:28]
select * from `user` where `user`.`id` in (1, 3, 7) []
select * from `membership` where `membership`.`id` in (1, 6, 7, 8) []
select * from `user` where `id` = ? limit 1 [1]
select * from `Transaction` where `created_at` between ? and ? [2021-04-13 13:10:41, 2021-04-30 13:10:41]
select * from `user` where `user`.`id` in (1, 3, 7) []
select * from `membership` where `membership`.`id` in (1, 6, 7, 8) []
select * from `user` where `id` = ? limit 1 [1]
select * from `Transaction` where `created_at` between ? and ? [2021-04-13 13:11:21, 2021-04-30 13:11:21]
select * from `user` where `user`.`id` in (1, 3, 7) []
select * from `membership` where `membership`.`id` in (1, 6, 7, 8) []
select * from `Transaction` where `status` = ? and `created_at` between ? and ? [success, 2021-04-13 13:11:21, 2021-04-30 13:11:21]
select * from `user` where `user`.`id` in (1, 3, 7) []
select * from `membership` where `membership`.`id` in (1, 6) []
select * from `user` where `id` = ? limit 1 [1]
select * from `Transaction` where `created_at` between ? and ? [2021-04-13 13:12:15, 2021-04-30 13:12:15]
select * from `user` where `user`.`id` in (1, 3, 7) []
select * from `membership` where `membership`.`id` in (1, 6, 7, 8) []
select * from `Transaction` where `created_at` between ? and ? [2021-04-13 13:12:15, 2021-04-30 13:12:15]
select * from `user` where `user`.`id` in (1, 3, 7) []
select * from `membership` where `membership`.`id` in (1, 6, 7, 8) []
select * from `user` where `id` = ? limit 1 [1]
select * from `Transaction` where `created_at` between ? and ? [2021-04-13 13:12:22, 2021-04-30 13:12:22]
select * from `user` where `user`.`id` in (1, 3, 7) []
select * from `membership` where `membership`.`id` in (1, 6, 7, 8) []
select * from `Transaction` where `created_at` between ? and ? [2021-04-13 13:12:22, 2021-04-30 13:12:22]
select * from `user` where `user`.`id` in (1, 3, 7) []
select * from `membership` where `membership`.`id` in (1, 6, 7, 8) []
select * from `user` where `id` = ? limit 1 [1]
select * from `Transaction` where `created_at` between ? and ? [2021-04-13 13:12:48, 2021-04-30 13:12:48]
select * from `user` where `user`.`id` in (1, 3, 7) []
select * from `membership` where `membership`.`id` in (1, 6, 7, 8) []
select * from `Transaction` where `status` = ? and `created_at` between ? and ? [success, 2021-04-13 13:12:48, 2021-04-30 13:12:48]
select * from `user` where `id` = ? limit 1 [1]
select * from `Transaction` where `created_at` between ? and ? [2021-04-13 13:14:47, 2021-04-30 13:14:47]
select * from `user` where `user`.`id` in (1, 3, 7) []
select * from `membership` where `membership`.`id` in (1, 6, 7, 8) []
select * from `user` where `id` = ? limit 1 [1]
select * from `Transaction` where `created_at` between ? and ? [2021-04-13 13:16:32, 2021-04-30 13:16:32]
select * from `user` where `user`.`id` in (1, 3, 7) []
select * from `membership` where `membership`.`id` in (1, 6, 7, 8) []
select sum(total_amount), "membership_id" from `Transaction` where `status` = ? and `created_at` between ? and ? group by `membership_id` [success, 2021-04-13 13:16:32, 2021-04-30 13:16:32]
select * from `user` where `id` = ? limit 1 [1]
select * from `Transaction` where `created_at` between ? and ? [2021-04-13 13:17:31, 2021-04-30 13:17:31]
select * from `user` where `user`.`id` in (1, 3, 7) []
select * from `membership` where `membership`.`id` in (1, 6, 7, 8) []
select * from `user` where `id` = ? limit 1 [1]
select * from `Transaction` where `created_at` between ? and ? [2021-04-13 13:18:03, 2021-04-30 13:18:03]
select * from `user` where `user`.`id` in (1, 3, 7) []
select * from `membership` where `membership`.`id` in (1, 6, 7, 8) []
select sum(total_amount) from `Transaction` where `status` = ? and `created_at` between ? and ? group by `membership_id` [success, 2021-04-13 13:18:03, 2021-04-30 13:18:03]
select * from `user` where `id` = ? limit 1 [1]
select * from `Transaction` where `created_at` between ? and ? [, ]
select * from `user` where `id` = ? limit 1 [1]
select * from `Transaction` where `created_at` between ? and ? [, ]
select * from `user` where `id` = ? limit 1 [1]
select * from `Transaction` where `created_at` between ? and ? [, ]
select `membership_id`, sum(total_amount) from `Transaction` where `status` = ? and `created_at` between ? and ? group by `membership_id` [success, , ]
select * from `user` where `id` = ? limit 1 [1]
select * from `Transaction` where `created_at` between ? and ? [, ]
select * from `user` where `id` = ? limit 1 [1]
select * from `Transaction` where `created_at` between ? and ? [, ]
select sum(total_amount) from `Transaction` where `status` = ? and `created_at` between ? and ? group by `membership_id` [success, , ]
select * from `user` where `id` = ? limit 1 [1]
select * from `Transaction` where `created_at` between ? and ? [, ]
select * from `user` where `id` = ? limit 1 [1]
select * from `Transaction` where `created_at` between ? and ? [, ]
select * from `user` where `id` = ? limit 1 [1]
select * from `Transaction` where `created_at` between ? and ? [, ]
select * from `user` where `id` = ? limit 1 [1]
select * from `Transaction` where `created_at` between ? and ? [2021-03-18 13:23:42, 2021-04-30 13:23:42]
select * from `user` where `user`.`id` in (1, 3, 7) []
select * from `membership` where `membership`.`id` in (1, 6, 7, 8) []
select * from `user` where `id` = ? limit 1 [1]
select * from `Transaction` where `created_at` between ? and ? [2021-03-18 13:23:48, 2021-04-30 13:23:48]
select * from `user` where `user`.`id` in (1, 3, 7) []
select * from `membership` where `membership`.`id` in (1, 6, 7, 8) []
select * from `user` where `id` = ? limit 1 [1]
select * from `Transaction` where `created_at` between ? and ? [2021-03-18 13:26:37, 2021-04-30 13:26:37]
select * from `user` where `user`.`id` in (1, 3, 7) []
select * from `membership` where `membership`.`id` in (1, 6, 7, 8) []
select * from `user` where `id` = ? limit 1 [1]
select * from `Transaction` where `created_at` between ? and ? [2021-03-18 13:27:11, 2021-04-30 13:27:11]
select * from `user` where `user`.`id` in (1, 3, 7) []
select * from `membership` where `membership`.`id` in (1, 6, 7, 8) []
select * from `user` where `id` = ? limit 1 [1]
select * from `Transaction` where `created_at` between ? and ? [2021-03-18 13:33:27, 2021-04-30 13:33:27]
select * from `user` where `user`.`id` in (1, 3, 7) []
select * from `membership` where `membership`.`id` in (1, 6, 7, 8) []
select * from `user` where `id` = ? limit 1 [1]
select * from `Transaction` where `created_at` between ? and ? [2021-03-18 13:35:18, 2021-04-30 13:35:18]
select * from `user` where `user`.`id` in (1, 3, 7) []
select * from `membership` where `membership`.`id` in (1, 6, 7, 8) []
select * from `user` where `id` = ? limit 1 [1]
select * from `Transaction` where `created_at` between ? and ? [2021-03-18 13:35:50, 2021-04-30 13:35:50]
select * from `user` where `user`.`id` in (1, 3, 7) []
select * from `membership` where `membership`.`id` in (1, 6, 7, 8) []
select * from `user` where `id` = ? limit 1 [1]
select * from `Transaction` where `created_at` between ? and ? [2021-03-18 13:36:33, 2021-04-30 13:36:33]
select * from `user` where `user`.`id` in (1, 3, 7) []
select * from `membership` where `membership`.`id` in (1, 6, 7, 8) []
select * from `user` where `id` = ? limit 1 [1]
select * from `Transaction` where `created_at` between ? and ? [2021-03-18 13:37:01, 2021-04-30 13:37:01]
select * from `user` where `user`.`id` in (1, 3, 7) []
select * from `membership` where `membership`.`id` in (1, 6, 7, 8, 9) []
select * from `user` where `id` = ? limit 1 [1]
select * from `Transaction` where `created_at` between ? and ? [2021-03-18 13:37:56, 2021-04-30 13:37:56]
select * from `user` where `user`.`id` in (1, 3, 7) []
select * from `membership` where `membership`.`id` in (1, 6, 7, 8, 9) []
select * from `user` where `id` = ? limit 1 [1]
select * from `Transaction` where `created_at` between ? and ? [2021-03-18 13:38:18, 2021-04-30 13:38:18]
select * from `user` where `user`.`id` in (1, 3, 7) []
select * from `membership` where `membership`.`id` in (1, 6, 7, 8, 9) []
select * from `user` where `id` = ? limit 1 [1]
select * from `Transaction` where `created_at` between ? and ? [2021-03-18 13:38:31, 2021-04-30 13:38:31]
select * from `user` where `user`.`id` in (1, 3, 7) []
select * from `membership` where `membership`.`id` in (1, 6, 7, 8, 9) []
select * from `user` where `id` = ? limit 1 [1]
select * from `Transaction` where `created_at` between ? and ? [2021-03-18 13:38:57, 2021-04-30 13:38:57]
select * from `user` where `user`.`id` in (1, 3, 7) []
select * from `membership` where `membership`.`id` in (1, 6, 7, 8, 9) []
select * from `user` where `id` = ? limit 1 [1]
select * from `Transaction` where `created_at` between ? and ? [2021-03-18 13:39:28, 2021-04-30 13:39:28]
select * from `user` where `user`.`id` in (1, 3, 7) []
select * from `membership` where `membership`.`id` in (1, 6, 7, 8, 9) []
select * from `user` where `id` = ? limit 1 [1]
select * from `Transaction` where `created_at` between ? and ? [2021-03-18 13:39:57, 2021-04-30 13:39:57]
select * from `user` where `user`.`id` in (1, 3, 7) []
select * from `membership` where `membership`.`id` in (1, 6, 7, 8, 9) []
select * from `user` where `id` = ? limit 1 [1]
select * from `Transaction` where `created_at` between ? and ? [2021-03-18 13:40:08, 2021-04-30 13:40:08]
select * from `user` where `user`.`id` in (1, 3, 7) []
select * from `membership` where `membership`.`id` in (1, 6, 7, 8, 9) []
select * from `user` where `id` = ? limit 1 [1]
select * from `Transaction` where `created_at` between ? and ? [2021-03-18 13:40:22, 2021-04-30 13:40:22]
select * from `user` where `user`.`id` in (1, 3, 7) []
select * from `membership` where `membership`.`id` in (1, 6, 7, 8, 9) []
select * from `user` where `id` = ? limit 1 [1]
select * from `Transaction` where `created_at` between ? and ? [2021-03-18 13:40:23, 2021-04-30 13:40:23]
select * from `user` where `user`.`id` in (1, 3, 7) []
select * from `membership` where `membership`.`id` in (1, 6, 7, 8, 9) []
select * from `user` where `id` = ? limit 1 [1]
select * from `Transaction` where `created_at` between ? and ? [2021-03-18 13:43:43, 2021-04-30 13:43:43]
select * from `user` where `user`.`id` in (1, 3, 7) []
select * from `membership` where `membership`.`id` in (1, 6, 7, 8, 9) []
select * from `user` where `id` = ? limit 1 [1]
select * from `Transaction` where `created_at` between ? and ? [2021-03-18 13:44:00, 2021-04-30 13:44:00]
select * from `user` where `user`.`id` in (1, 3, 7) []
select * from `membership` where `membership`.`id` in (1, 6, 7, 8, 9) []
select * from `user` where `id` = ? limit 1 [1]
select * from `Transaction` where `created_at` between ? and ? [, ]
select * from `user` where `id` = ? limit 1 [1]
select * from `Transaction` where `created_at` between ? and ? [, ]
select * from `user` where `id` = ? limit 1 [1]
select * from `Transaction` where `created_at` between ? and ? [, ]
select * from `user` where `id` = ? limit 1 [1]
select `id`, `name` from `country` []
select `id`, `name` from `category` []
select * from `director` []
select * from `user` where `id` = ? limit 1 [1]
select * from `Transaction` where `created_at` between ? and ? [, ]
select * from `user` where `id` = ? limit 1 [1]
select * from `Transaction` where `created_at` between ? and ? [2021-03-03 13:50:28, 2021-04-30 13:50:28]
select * from `user` where `user`.`id` in (1, 3, 7) []
select * from `membership` where `membership`.`id` in (1, 6, 7, 8, 9) []
select * from `user` where `id` = ? limit 1 [1]
select * from `Transaction` where `created_at` between ? and ? [2021-03-03 13:50:34, 2021-04-30 13:50:34]
select * from `user` where `user`.`id` in (1, 3, 7) []
select * from `membership` where `membership`.`id` in (1, 6, 7, 8, 9) []
select * from `user` where `id` = ? limit 1 [1]
select * from `Transaction` where `created_at` between ? and ? [2021-03-03 13:51:00, 2021-04-30 13:51:00]
select * from `user` where `user`.`id` in (1, 3, 7) []
select * from `membership` where `membership`.`id` in (1, 6, 7, 8, 9) []
select * from `user` where `id` = ? limit 1 [1]
select * from `Transaction` where `created_at` between ? and ? [2021-03-03 13:51:03, 2021-04-30 13:51:03]
select * from `user` where `user`.`id` in (1, 3, 7) []
select * from `membership` where `membership`.`id` in (1, 6, 7, 8, 9) []
select * from `user` where `id` = ? limit 1 [1]
select * from `Transaction` where `created_at` between ? and ? [2021-03-03 13:51:03, 2021-04-30 13:51:03]
select * from `user` where `user`.`id` in (1, 3, 7) []
select * from `membership` where `membership`.`id` in (1, 6, 7, 8, 9) []
select * from `user` where `id` = ? limit 1 [1]
select * from `Transaction` where `created_at` between ? and ? [2021-03-03 13:51:10, 2021-04-30 13:51:10]
select * from `user` where `user`.`id` in (1, 3, 7) []
select * from `membership` where `membership`.`id` in (1, 6, 7, 8, 9) []
select * from `user` where `id` = ? limit 1 [1]
select * from `Transaction` where `created_at` between ? and ? [, ]
select * from `user` where `id` = ? limit 1 [1]
select * from `Transaction` where `created_at` between ? and ? [, ]
select * from `user` where `id` = ? limit 1 [1]
select * from `Transaction` where `created_at` between ? and ? [, ]
select * from `user` where `id` = ? limit 1 [1]
select * from `Transaction` where `created_at` between ? and ? [, ]
select * from `user` where `id` = ? limit 1 [1]
select * from `Transaction` where `created_at` between ? and ? [, ]
select * from `user` where `id` = ? limit 1 [1]
select * from `Transaction` where `created_at` between ? and ? [2021-03-03 13:53:53, 2021-04-30 13:53:53]
select * from `user` where `user`.`id` in (1, 3, 7) []
select * from `membership` where `membership`.`id` in (1, 6, 7, 8, 9) []
select * from `user` where `id` = ? limit 1 [1]
select * from `Transaction` where `created_at` between ? and ? [2021-03-03 13:53:58, 2021-04-30 13:53:58]
select * from `user` where `user`.`id` in (1, 3, 7) []
select * from `membership` where `membership`.`id` in (1, 6, 7, 8, 9) []
select * from `user` where `id` = ? limit 1 [1]
select * from `Transaction` where `created_at` between ? and ? [2021-03-03 13:59:49, 2021-04-30 13:59:49]
select * from `user` where `user`.`id` in (1, 3, 7) []
select * from `membership` where `membership`.`id` in (1, 6, 7, 8, 9) []
select * from `user` where `id` = ? limit 1 [1]
select * from `Transaction` where `created_at` between ? and ? [2021-03-03 14:01:03, 2021-04-30 14:01:03]
select * from `user` where `user`.`id` in (1, 3, 7) []
select * from `membership` where `membership`.`id` in (1, 6, 7, 8, 9) []
select * from `user` where `id` = ? limit 1 [1]
select * from `Transaction` where `created_at` between ? and ? [2021-03-03 14:01:15, 2021-04-30 14:01:15]
select * from `user` where `user`.`id` in (1, 3, 7) []
select * from `membership` where `membership`.`id` in (1, 6, 7, 8, 9) []
select * from `user` where `id` = ? limit 1 [1]
select * from `Transaction` where `created_at` between ? and ? [2021-03-03 14:03:33, 2021-04-30 14:03:33]
select * from `user` where `user`.`id` in (1, 3, 7) []
select * from `membership` where `membership`.`id` in (1, 6, 7, 8, 9) []
select * from `user` where `id` = ? limit 1 [1]
select * from `Transaction` where `created_at` between ? and ? [2021-03-03 14:03:42, 2021-04-30 14:03:42]
select * from `user` where `user`.`id` in (1, 3, 7) []
select * from `membership` where `membership`.`id` in (1, 6, 7, 8, 9) []
select * from `user` where `id` = ? limit 1 [1]
select * from `Transaction` where `created_at` between ? and ? [2021-03-03 14:04:03, 2021-04-30 14:04:03]
select * from `user` where `user`.`id` in (1, 3, 7) []
select * from `membership` where `membership`.`id` in (1, 6, 7, 8, 9) []
select * from `user` where `id` = ? limit 1 [1]
select * from `Transaction` where `created_at` between ? and ? [2021-03-03 14:04:11, 2021-04-30 14:04:11]
select * from `user` where `user`.`id` in (1, 3, 7) []
select * from `membership` where `membership`.`id` in (1, 6, 7, 8, 9) []
select * from `user` where `id` = ? limit 1 [1]
select * from `Transaction` where `created_at` between ? and ? [2021-03-03 14:05:25, 2021-04-30 14:05:25]
select * from `user` where `user`.`id` in (1, 3, 7) []
select * from `membership` where `membership`.`id` in (1, 6, 7, 8, 9) []
select * from `user` where `id` = ? limit 1 [1]
select * from `Transaction` where `created_at` between ? and ? [2021-04-15 14:06:01, 2021-04-30 14:06:01]
select * from `user` where `user`.`id` in (1, 3, 7) []
select * from `membership` where `membership`.`id` in (1, 6, 7, 8, 9) []
select * from `user` where `id` = ? limit 1 [1]
select * from `Transaction` where `created_at` between ? and ? [2021-03-11 14:07:30, 2021-04-30 14:07:30]
select * from `user` where `user`.`id` in (1, 3, 7) []
select * from `membership` where `membership`.`id` in (1, 6, 7, 8, 9) []
select * from `user` where `id` = ? limit 1 [1]
select * from `Transaction` where `created_at` between ? and ? [2021-04-14 14:08:08, 2021-04-30 14:08:08]
select * from `user` where `user`.`id` in (1, 3, 7) []
select * from `membership` where `membership`.`id` in (1, 6, 7, 8, 9) []
select * from `user` where `id` = ? limit 1 [1]
select * from `Transaction` where `created_at` between ? and ? [2021-04-14 14:09:39, 2021-04-30 14:09:39]
select * from `user` where `user`.`id` in (1, 3, 7) []
select * from `membership` where `membership`.`id` in (1, 6, 7, 8, 9) []
